<?xml version="1.0" encoding="utf-8"?>
<TestRun id="00f0e59b-7110-46db-b3e0-138526407ed5" name="sabriko@DESKTOP-OUOF4D0 2026-07-15 13:15:10" runUser="DESKTOP-OUOF4D0\sabriko" xmlns="http://microsoft.com/schemas/VisualStudio/TeamTest/2010">
  <Times creation="2026-07-15T13:15:10.0462249+01:00" queuing="2026-07-15T13:15:10.0462251+01:00" start="2026-07-15T13:15:09.3339170+01:00" finish="2026-07-15T13:15:32.3122102+01:00" />
  <TestSettings name="default" id="19c856cc-2161-40e0-9eb3-d0305411c810">
    <Deployment runDeploymentRoot="sabriko_DESKTOP-OUOF4D0_2026-07-15_13_15_10" />
  </TestSettings>
  <Results>
    <UnitTestResult executionId="1f9508eb-7803-4081-a627-618d9af0f99d" testId="74e6301a-7b7b-8cb5-bf32-7a7fb3785fee" testName="FactuTrust.API.Tests.PlatformAiSettingsIntegrationTests.Platform_ai_settings_get_and_put_inference_device_roundtrip" computerName="DESKTOP-OUOF4D0" duration="00:00:20.3682887" startTime="2026-07-15T13:15:30.3094887+01:00" endTime="2026-07-15T13:15:30.3094890+01:00" testType="13cdc9d9-ddb5-4fa4-a97d-d965ccfc6d4b" outcome="Passed" testListId="8c84fa94-04c1-424b-9868-57a2d4851a1d" relativeResultsDirectory="1f9508eb-7803-4081-a627-618d9af0f99d" />
    <UnitTestResult executionId="821d2bee-2ec8-4fdb-896b-3cf080db381c" testId="63420a4d-5a95-ae15-42c6-3c3e4218331e" testName="FactuTrust.API.Tests.SupplierInvoiceEnumSerializationTests.SupplierInvoiceStatus_ShouldSerializeAsCamelCase" computerName="DESKTOP-OUOF4D0" duration="00:00:00.0761438" startTime="2026-07-15T13:15:10.0168631+01:00" endTime="2026-07-15T13:15:10.0168633+01:00" testType="13cdc9d9-ddb5-4fa4-a97d-d965ccfc6d4b" outcome="Passed" testListId="8c84fa94-04c1-424b-9868-57a2d4851a1d" relativeResultsDirectory="821d2bee-2ec8-4fdb-896b-3cf080db381c" />
    <UnitTestResult executionId="49927aba-7511-4f39-8ee1-2a7bd6c46279" testId="b5dac335-5591-4daa-3206-59914370b0bc" testName="FactuTrust.API.Tests.DelegatedAccessMiddlewareTests.Delegated_mode_blocks_non_accounting_writes(method: &quot;POST&quot;, path: &quot;/api/clients&quot;)" computerName="DESKTOP-OUOF4D0" duration="00:00:00.0000199" startTime="2026-07-15T13:15:10.0275449+01:00" endTime="2026-07-15T13:15:10.0275449+01:00" testType="13cdc9d9-ddb5-4fa4-a97d-d965ccfc6d4b" outcome="Passed" testListId="8c84fa94-04c1-424b-9868-57a2d4851a1d" relativeResultsDirectory="49927aba-7511-4f39-8ee1-2a7bd6c46279" />
    <UnitTestResult executionId="82344257-94a3-492f-85f7-001ddee9f8f2" testId="30a9ad11-5675-1e5a-21f7-0098123f6302" testName="FactuTrust.API.Tests.ReplenishmentDtoSerializationTests.CreatePurchaseOrdersResultDto_ExposesCreatedOrdersAndWarnings" computerName="DESKTOP-OUOF4D0" duration="00:00:00.0078081" startTime="2026-07-15T13:15:10.0714914+01:00" endTime="2026-07-15T13:15:10.0714916+01:00" testType="13cdc9d9-ddb5-4fa4-a97d-d965ccfc6d4b" outcome="Passed" testListId="8c84fa94-04c1-424b-9868-57a2d4851a1d" relativeResultsDirectory="82344257-94a3-492f-85f7-001ddee9f8f2" />
    <UnitTestResult executionId="1daf9bde-7a3d-43d9-8a50-95c829c543d1" testId="177284b3-28d2-754c-da4c-93a6837e1ae0" testName="FactuTrust.API.Tests.DelegatedAccessMiddlewareTests.Delegated_mode_allows_firm_context_and_auth_session_writes(method: &quot;POST&quot;, path: &quot;/api/firm/context/switch&quot;)" computerName="DESKTOP-OUOF4D0" duration="00:00:00.0000044" startTime="2026-07-15T13:15:10.0250393+01:00" endTime="2026-07-15T13:15:10.0250393+01:00" testType="13cdc9d9-ddb5-4fa4-a97d-d965ccfc6d4b" outcome="Passed" testListId="8c84fa94-04c1-424b-9868-57a2d4851a1d" relativeResultsDirectory="1daf9bde-7a3d-43d9-8a50-95c829c543d1" />
    <UnitTestResult executionId="4ecc366b-689a-45b1-83a9-8624c0451321" testId="980fbcc2-21f6-fb23-7e95-2dd4a17f0a8d" testName="FactuTrust.API.Tests.WhatsAppBridgeOutboundSenderTests.HappyPath_DelegatesToBridge" computerName="DESKTOP-OUOF4D0" duration="00:00:00.0105185" startTime="2026-07-15T13:15:10.0574549+01:00" endTime="2026-07-15T13:15:10.0574551+01:00" testType="13cdc9d9-ddb5-4fa4-a97d-d965ccfc6d4b" outcome="Passed" testListId="8c84fa94-04c1-424b-9868-57a2d4851a1d" relativeResultsDirectory="4ecc366b-689a-45b1-83a9-8624c0451321" />
    <UnitTestResult executionId="094f283d-3132-4369-8ba3-a634de949528" testId="523c19b1-e1e8-5064-59a4-dcd03d6888ea" testName="FactuTrust.API.Tests.PurchaseOrderEnumSerializationTests.PurchaseOrderStatus_ShouldSerializeAsCamelCase" computerName="DESKTOP-OUOF4D0" duration="00:00:00.0759259" startTime="2026-07-15T13:15:10.0247778+01:00" endTime="2026-07-15T13:15:10.0247778+01:00" testType="13cdc9d9-ddb5-4fa4-a97d-d965ccfc6d4b" outcome="Passed" testListId="8c84fa94-04c1-424b-9868-57a2d4851a1d" relativeResultsDirectory="094f283d-3132-4369-8ba3-a634de949528" />
    <UnitTestResult executionId="683ca403-9067-4b46-a821-0c5fcc1f8194" testId="3baf6ec9-ec88-389d-d556-f19aee94bddf" testName="FactuTrust.API.Tests.PlatformApiIntegrationTests.Platform_migrations_with_tenant_administrator_jwt_returns_403" computerName="DESKTOP-OUOF4D0" duration="00:00:00.1085897" startTime="2026-07-15T13:15:26.9948885+01:00" endTime="2026-07-15T13:15:26.9948889+01:00" testType="13cdc9d9-ddb5-4fa4-a97d-d965ccfc6d4b" outcome="Passed" testListId="8c84fa94-04c1-424b-9868-57a2d4851a1d" relativeResultsDirectory="683ca403-9067-4b46-a821-0c5fcc1f8194" />
    <UnitTestResult executionId="995c44ad-9c5d-4126-a922-80bb0e6d46b6" testId="c838a0e9-4aa0-5e7f-3b45-eca4391339de" testName="FactuTrust.API.Tests.AiPowerPointExportControllerTests.Generate_WhenMessageNotFound_ShouldReturn404WithCode" computerName="DESKTOP-OUOF4D0" duration="00:00:00.1309161" startTime="2026-07-15T13:15:10.0716707+01:00" endTime="2026-07-15T13:15:10.0716708+01:00" testType="13cdc9d9-ddb5-4fa4-a97d-d965ccfc6d4b" outcome="Passed" testListId="8c84fa94-04c1-424b-9868-57a2d4851a1d" relativeResultsDirectory="995c44ad-9c5d-4126-a922-80bb0e6d46b6" />
    <UnitTestResult executionId="5a138c07-4ef3-4772-8911-0170555ddba4" testId="da7c970b-f2ac-7557-6691-5364869c9db0" testName="FactuTrust.API.Tests.DelegatedAccessMiddlewareTests.Delegated_mode_blocks_restricted_sales_purchases_reads(method: &quot;GET&quot;, path: &quot;/api/quotes&quot;)" computerName="DESKTOP-OUOF4D0" duration="00:00:00.0000419" startTime="2026-07-15T13:15:10.0275943+01:00" endTime="2026-07-15T13:15:10.0275943+01:00" testType="13cdc9d9-ddb5-4fa4-a97d-d965ccfc6d4b" outcome="Passed" testListId="8c84fa94-04c1-424b-9868-57a2d4851a1d" relativeResultsDirectory="5a138c07-4ef3-4772-8911-0170555ddba4" />
    <UnitTestResult executionId="4083cfaa-e58c-4a06-9080-cd9a156f315d" testId="c7769443-88c7-f4c0-10e2-1763b5da30c2" testName="FactuTrust.API.Tests.DelegatedAccessMiddlewareTests.Delegated_mode_allows_firm_context_and_auth_session_writes(method: &quot;POST&quot;, path: &quot;/api/firm/context/clear&quot;)" computerName="DESKTOP-OUOF4D0" duration="00:00:00.0001627" startTime="2026-07-15T13:15:10.0250040+01:00" endTime="2026-07-15T13:15:10.0250040+01:00" testType="13cdc9d9-ddb5-4fa4-a97d-d965ccfc6d4b" outcome="Passed" testListId="8c84fa94-04c1-424b-9868-57a2d4851a1d" relativeResultsDirectory="4083cfaa-e58c-4a06-9080-cd9a156f315d" />
    <UnitTestResult executionId="a09c96f3-b157-4d40-880a-1ed651fe3bdf" testId="a4e360fd-6715-6345-188f-877e4348321d" testName="FactuTrust.API.Tests.WhatsAppBridgeOutboundSenderTests.EmptyInputs_ReturnFalse_WithoutCallingBridge(chatId: &quot;21612345678@c.us&quot;, text: &quot;&quot;)" computerName="DESKTOP-OUOF4D0" duration="00:00:00.0001676" startTime="2026-07-15T13:15:10.0366675+01:00" endTime="2026-07-15T13:15:10.0366677+01:00" testType="13cdc9d9-ddb5-4fa4-a97d-d965ccfc6d4b" outcome="Passed" testListId="8c84fa94-04c1-424b-9868-57a2d4851a1d" relativeResultsDirectory="a09c96f3-b157-4d40-880a-1ed651fe3bdf" />
    <UnitTestResult executionId="746398c3-f2c0-4f10-b9a5-55a25caa1bb2" testId="e1f78b78-ee0d-105b-31c3-136c416923d7" testName="FactuTrust.API.Tests.DelegatedAccessMiddlewareTests.Delegated_mode_blocks_restricted_sales_purchases_reads(method: &quot;GET&quot;, path: &quot;/api/suppliers&quot;)" computerName="DESKTOP-OUOF4D0" duration="00:00:00.0002055" startTime="2026-07-15T13:15:10.0275804+01:00" endTime="2026-07-15T13:15:10.0275805+01:00" testType="13cdc9d9-ddb5-4fa4-a97d-d965ccfc6d4b" outcome="Passed" testListId="8c84fa94-04c1-424b-9868-57a2d4851a1d" relativeResultsDirectory="746398c3-f2c0-4f10-b9a5-55a25caa1bb2" />
    <UnitTestResult executionId="ca88bcb7-7529-464f-86a1-4db4213291ac" testId="fd1b6034-c6c9-d474-5a81-84e8ed432741" testName="FactuTrust.API.Tests.PurchaseOrdersControllerTests.ConfirmPurchaseOrder_WhenConflict_ShouldReturn409" computerName="DESKTOP-OUOF4D0" duration="00:00:00.0009764" startTime="2026-07-15T13:15:10.0441494+01:00" endTime="2026-07-15T13:15:10.0441495+01:00" testType="13cdc9d9-ddb5-4fa4-a97d-d965ccfc6d4b" outcome="Passed" testListId="8c84fa94-04c1-424b-9868-57a2d4851a1d" relativeResultsDirectory="ca88bcb7-7529-464f-86a1-4db4213291ac" />
    <UnitTestResult executionId="36806934-e48e-48f3-9a87-296232f8ee0d" testId="67eece9b-2257-b674-a09c-de3c64aa09ee" testName="FactuTrust.API.Tests.ReplenishmentDtoSerializationTests.ReplenishmentKpiDto_RoundtripsTopUrgencies" computerName="DESKTOP-OUOF4D0" duration="00:00:00.0041165" startTime="2026-07-15T13:15:10.0636033+01:00" endTime="2026-07-15T13:15:10.0636035+01:00" testType="13cdc9d9-ddb5-4fa4-a97d-d965ccfc6d4b" outcome="Passed" testListId="8c84fa94-04c1-424b-9868-57a2d4851a1d" relativeResultsDirectory="36806934-e48e-48f3-9a87-296232f8ee0d" />
    <UnitTestResult executionId="2c06af41-f9ca-4de5-8159-63d8d06a0cf6" testId="fb2b313b-d704-ca6b-bf11-e11167111175" testName="FactuTrust.API.Tests.PermissionAuthorizationHandlerTests.Module_scoped_without_perm_claims_denies_even_if_admin_role" computerName="DESKTOP-OUOF4D0" duration="00:00:00.0300737" startTime="2026-07-15T13:15:09.9819620+01:00" endTime="2026-07-15T13:15:09.9820579+01:00" testType="13cdc9d9-ddb5-4fa4-a97d-d965ccfc6d4b" outcome="Passed" testListId="8c84fa94-04c1-424b-9868-57a2d4851a1d" relativeResultsDirectory="2c06af41-f9ca-4de5-8159-63d8d06a0cf6" />
    <UnitTestResult executionId="f2dfcbf8-c42b-4e67-84a0-2a3f459b9862" testId="3bcafee7-99bb-49f3-a464-c14d3ce36158" testName="FactuTrust.API.Tests.PurchaseOrdersControllerTests.ConfirmPurchaseOrder_WhenNotFound_ShouldReturn404" computerName="DESKTOP-OUOF4D0" duration="00:00:00.1021176" startTime="2026-07-15T13:15:10.0440634+01:00" endTime="2026-07-15T13:15:10.0440635+01:00" testType="13cdc9d9-ddb5-4fa4-a97d-d965ccfc6d4b" outcome="Passed" testListId="8c84fa94-04c1-424b-9868-57a2d4851a1d" relativeResultsDirectory="f2dfcbf8-c42b-4e67-84a0-2a3f459b9862" />
    <UnitTestResult executionId="d63c2081-8dd0-4b39-b04a-4d679d76e8d5" testId="89457381-3625-f926-7ea4-a237352d0818" testName="FactuTrust.API.Tests.PlatformBootstrapIntegrationTests.Platform_login_succeeds_when_bootstrap_credentials_configured" computerName="DESKTOP-OUOF4D0" duration="00:00:01.7657636" startTime="2026-07-15T13:15:32.0821424+01:00" endTime="2026-07-15T13:15:32.0821426+01:00" testType="13cdc9d9-ddb5-4fa4-a97d-d965ccfc6d4b" outcome="Passed" testListId="8c84fa94-04c1-424b-9868-57a2d4851a1d" relativeResultsDirectory="d63c2081-8dd0-4b39-b04a-4d679d76e8d5" />
    <UnitTestResult executionId="4b0abe01-9ffa-498a-b8c7-f99b18840eaf" testId="f76e3ced-3470-1317-22e9-4cf9cf05c563" testName="FactuTrust.API.Tests.DelegatedAccessMiddlewareTests.Delegated_mode_blocks_non_accounting_writes(method: &quot;POST&quot;, path: &quot;/api/firm/users&quot;)" computerName="DESKTOP-OUOF4D0" duration="00:00:00.0003695" startTime="2026-07-15T13:15:10.0275124+01:00" endTime="2026-07-15T13:15:10.0275125+01:00" testType="13cdc9d9-ddb5-4fa4-a97d-d965ccfc6d4b" outcome="Passed" testListId="8c84fa94-04c1-424b-9868-57a2d4851a1d" relativeResultsDirectory="4b0abe01-9ffa-498a-b8c7-f99b18840eaf" />
    <UnitTestResult executionId="cc310c15-7663-4225-be9b-472143ea2f11" testId="c259ce5f-a8e3-6fb4-6554-2c0f341435d3" testName="FactuTrust.API.Tests.WhatsAppBridgeOutboundSenderTests.EmptyInputs_ReturnFalse_WithoutCallingBridge(chatId: &quot;&quot;, text: &quot;texte&quot;)" computerName="DESKTOP-OUOF4D0" duration="00:00:00.0007804" startTime="2026-07-15T13:15:10.0362266+01:00" endTime="2026-07-15T13:15:10.0362268+01:00" testType="13cdc9d9-ddb5-4fa4-a97d-d965ccfc6d4b" outcome="Passed" testListId="8c84fa94-04c1-424b-9868-57a2d4851a1d" relativeResultsDirectory="cc310c15-7663-4225-be9b-472143ea2f11" />
    <UnitTestResult executionId="f3e3ca54-3377-4b1d-9fae-fdf11484cc08" testId="e8296e81-42c5-3a80-0e7c-23fc2893c2de" testName="FactuTrust.API.Tests.PermissionAuthorizationHandlerTests.Module_scoped_with_matching_perm_succeeds" computerName="DESKTOP-OUOF4D0" duration="00:00:00.0019444" startTime="2026-07-15T13:15:09.9908159+01:00" endTime="2026-07-15T13:15:09.9908160+01:00" testType="13cdc9d9-ddb5-4fa4-a97d-d965ccfc6d4b" outcome="Passed" testListId="8c84fa94-04c1-424b-9868-57a2d4851a1d" relativeResultsDirectory="f3e3ca54-3377-4b1d-9fae-fdf11484cc08" />
    <UnitTestResult executionId="c097c4ea-a4ec-440d-9738-37aa7d711540" testId="96b8a9f2-fe51-d6dd-4cc4-3024c76f2bc7" testName="FactuTrust.API.Tests.DelegatedAccessMiddlewareTests.Delegated_mode_allows_accounting_routes(method: &quot;GET&quot;, path: &quot;/api/accounting/chart&quot;)" computerName="DESKTOP-OUOF4D0" duration="00:00:00.0003310" startTime="2026-07-15T13:15:10.0270104+01:00" endTime="2026-07-15T13:15:10.0270104+01:00" testType="13cdc9d9-ddb5-4fa4-a97d-d965ccfc6d4b" outcome="Passed" testListId="8c84fa94-04c1-424b-9868-57a2d4851a1d" relativeResultsDirectory="c097c4ea-a4ec-440d-9738-37aa7d711540" />
    <UnitTestResult executionId="f1bd9518-f84e-4995-97e9-ddf876bbc2ac" testId="5a52be61-bbd0-6528-014f-14e687ad372a" testName="FactuTrust.API.Tests.ForecastingControllerCreatePurchaseOrdersTests.CreatePurchaseOrders_WhenNoneCreatedBecauseNoSupplier_ReturnsExplicitGuidance" computerName="DESKTOP-OUOF4D0" duration="00:00:00.0015662" startTime="2026-07-15T13:15:10.0750024+01:00" endTime="2026-07-15T13:15:10.0750026+01:00" testType="13cdc9d9-ddb5-4fa4-a97d-d965ccfc6d4b" outcome="Passed" testListId="8c84fa94-04c1-424b-9868-57a2d4851a1d" relativeResultsDirectory="f1bd9518-f84e-4995-97e9-ddf876bbc2ac" />
    <UnitTestResult executionId="c72b73a7-d821-48ab-86ff-d325543867cf" testId="cfde419a-ff7b-b94f-cafa-b4f701c3f060" testName="FactuTrust.API.Tests.WhatsAppBridgeOutboundSenderTests.Disabled_ReturnsFalse_WithoutCallingBridge" computerName="DESKTOP-OUOF4D0" duration="00:00:00.0008118" startTime="2026-07-15T13:15:10.0583408+01:00" endTime="2026-07-15T13:15:10.0583409+01:00" testType="13cdc9d9-ddb5-4fa4-a97d-d965ccfc6d4b" outcome="Passed" testListId="8c84fa94-04c1-424b-9868-57a2d4851a1d" relativeResultsDirectory="c72b73a7-d821-48ab-86ff-d325543867cf" />
    <UnitTestResult executionId="ba207c01-edd9-473f-8e32-ab79c91fd94b" testId="d9186b6f-1647-a243-ce95-ca06f306e509" testName="FactuTrust.API.Tests.WhatsAppBridgeOutboundSenderTests.EmptyInputs_ReturnFalse_WithoutCallingBridge(chatId: &quot;   &quot;, text: &quot;texte&quot;)" computerName="DESKTOP-OUOF4D0" duration="00:00:00.0943810" startTime="2026-07-15T13:15:10.0353609+01:00" endTime="2026-07-15T13:15:10.0353611+01:00" testType="13cdc9d9-ddb5-4fa4-a97d-d965ccfc6d4b" outcome="Passed" testListId="8c84fa94-04c1-424b-9868-57a2d4851a1d" relativeResultsDirectory="ba207c01-edd9-473f-8e32-ab79c91fd94b" />
    <UnitTestResult executionId="d1a5ce08-191b-4978-96a4-d62628e66042" testId="32751989-0eb8-5277-7426-d2a7b640c73e" testName="FactuTrust.API.Tests.DelegatedAccessMiddlewareTests.Unauthenticated_requests_pass_through" computerName="DESKTOP-OUOF4D0" duration="00:00:00.0004547" startTime="2026-07-15T13:15:10.0249667+01:00" endTime="2026-07-15T13:15:10.0249668+01:00" testType="13cdc9d9-ddb5-4fa4-a97d-d965ccfc6d4b" outcome="Passed" testListId="8c84fa94-04c1-424b-9868-57a2d4851a1d" relativeResultsDirectory="d1a5ce08-191b-4978-96a4-d62628e66042" />
    <UnitTestResult executionId="439c664a-ce2b-4510-911c-4d9719ec449a" testId="02c62bab-fade-b4a1-8f7a-ad1ab0be157d" testName="FactuTrust.API.Tests.DelegatedAccessMiddlewareTests.Native_mode_allows_firm_context_clear" computerName="DESKTOP-OUOF4D0" duration="00:00:00.0003598" startTime="2026-07-15T13:15:10.0276118+01:00" endTime="2026-07-15T13:15:10.0276119+01:00" testType="13cdc9d9-ddb5-4fa4-a97d-d965ccfc6d4b" outcome="Passed" testListId="8c84fa94-04c1-424b-9868-57a2d4851a1d" relativeResultsDirectory="439c664a-ce2b-4510-911c-4d9719ec449a" />
    <UnitTestResult executionId="37f5a0de-c7d3-4968-aaee-7124ae259414" testId="ea3af14b-e610-45a1-e48d-99b17f5a0fef" testName="FactuTrust.API.Tests.DelegatedAccessMiddlewareTests.Delegated_mode_blocks_restricted_sales_purchases_reads(method: &quot;GET&quot;, path: &quot;/api/purchaseorders&quot;)" computerName="DESKTOP-OUOF4D0" duration="00:00:00.0003470" startTime="2026-07-15T13:15:10.0275663+01:00" endTime="2026-07-15T13:15:10.0275663+01:00" testType="13cdc9d9-ddb5-4fa4-a97d-d965ccfc6d4b" outcome="Passed" testListId="8c84fa94-04c1-424b-9868-57a2d4851a1d" relativeResultsDirectory="37f5a0de-c7d3-4968-aaee-7124ae259414" />
    <UnitTestResult executionId="75c36a39-9a7d-463d-9c9d-4ab07db5f8ff" testId="f873bfec-4615-f5f0-f42c-633cad1c962a" testName="FactuTrust.API.Tests.DelegatedAccessMiddlewareTests.Delegated_mode_blocks_non_accounting_writes(method: &quot;POST&quot;, path: &quot;/api/invoices&quot;)" computerName="DESKTOP-OUOF4D0" duration="00:00:00.0001717" startTime="2026-07-15T13:15:10.0275303+01:00" endTime="2026-07-15T13:15:10.0275304+01:00" testType="13cdc9d9-ddb5-4fa4-a97d-d965ccfc6d4b" outcome="Passed" testListId="8c84fa94-04c1-424b-9868-57a2d4851a1d" relativeResultsDirectory="75c36a39-9a7d-463d-9c9d-4ab07db5f8ff" />
    <UnitTestResult executionId="57b7fee1-90be-432b-b4ff-ba6eecd22ac9" testId="9b18037e-9d2f-2989-b7e9-371d03018a22" testName="FactuTrust.API.Tests.PermissionAuthorizationHandlerTests.Legacy_accountant_denied_settings_update" computerName="DESKTOP-OUOF4D0" duration="00:00:00.0070570" startTime="2026-07-15T13:15:09.9900455+01:00" endTime="2026-07-15T13:15:09.9900457+01:00" testType="13cdc9d9-ddb5-4fa4-a97d-d965ccfc6d4b" outcome="Passed" testListId="8c84fa94-04c1-424b-9868-57a2d4851a1d" relativeResultsDirectory="57b7fee1-90be-432b-b4ff-ba6eecd22ac9" />
    <UnitTestResult executionId="96d5321b-0a92-48f2-a399-634b969817af" testId="87337f8b-5423-893d-b995-ae8ab6cd7b57" testName="FactuTrust.API.Tests.DelegatedAccessMiddlewareTests.Delegated_mode_allows_treasury_reads(method: &quot;GET&quot;, path: &quot;/api/cash-desk/balances&quot;)" computerName="DESKTOP-OUOF4D0" duration="00:00:00.0001945" startTime="2026-07-15T13:15:10.0270810+01:00" endTime="2026-07-15T13:15:10.0270811+01:00" testType="13cdc9d9-ddb5-4fa4-a97d-d965ccfc6d4b" outcome="Passed" testListId="8c84fa94-04c1-424b-9868-57a2d4851a1d" relativeResultsDirectory="96d5321b-0a92-48f2-a399-634b969817af" />
    <UnitTestResult executionId="5330b271-cf78-4ae3-b586-4100c6f7f6d9" testId="60b909a7-35e8-ed8f-1c3f-bf37a4ef165e" testName="FactuTrust.API.Tests.DelegatedAccessMiddlewareTests.Delegated_mode_blocks_treasury_and_payment_writes(method: &quot;POST&quot;, path: &quot;/api/invoices/00000000-0000-0000-0000-000000000001&quot;···)" computerName="DESKTOP-OUOF4D0" duration="00:00:00.0000659" startTime="2026-07-15T13:15:10.0249335+01:00" endTime="2026-07-15T13:15:10.0249336+01:00" testType="13cdc9d9-ddb5-4fa4-a97d-d965ccfc6d4b" outcome="Passed" testListId="8c84fa94-04c1-424b-9868-57a2d4851a1d" relativeResultsDirectory="5330b271-cf78-4ae3-b586-4100c6f7f6d9" />
    <UnitTestResult executionId="a50ff5d2-e6fc-4965-ba60-16ddb8b43860" testId="d982a3e9-29b9-ec41-4501-48381e419036" testName="FactuTrust.API.Tests.DelegatedAccessMiddlewareTests.Delegated_mode_allows_invoice_reads(method: &quot;GET&quot;, path: &quot;/api/invoices&quot;)" computerName="DESKTOP-OUOF4D0" duration="00:00:00.0003572" startTime="2026-07-15T13:15:10.0271054+01:00" endTime="2026-07-15T13:15:10.0271055+01:00" testType="13cdc9d9-ddb5-4fa4-a97d-d965ccfc6d4b" outcome="Passed" testListId="8c84fa94-04c1-424b-9868-57a2d4851a1d" relativeResultsDirectory="a50ff5d2-e6fc-4965-ba60-16ddb8b43860" />
    <UnitTestResult executionId="997687d6-14c5-474a-a927-67a7ea0d3e36" testId="c583a8ff-ce3c-d2a3-56fa-ebbdae26bb6f" testName="FactuTrust.API.Tests.ForecastingControllerCreatePurchaseOrdersTests.CreatePurchaseOrders_WithEmptySelection_ReturnsBadRequest" computerName="DESKTOP-OUOF4D0" duration="00:00:00.0015437" startTime="2026-07-15T13:15:10.0733876+01:00" endTime="2026-07-15T13:15:10.0733878+01:00" testType="13cdc9d9-ddb5-4fa4-a97d-d965ccfc6d4b" outcome="Passed" testListId="8c84fa94-04c1-424b-9868-57a2d4851a1d" relativeResultsDirectory="997687d6-14c5-474a-a927-67a7ea0d3e36" />
    <UnitTestResult executionId="3e519545-3d2d-4e72-bafb-cd1edc7ed836" testId="dcd08d1d-22c1-150a-ba14-b672c67aedb6" testName="FactuTrust.API.Tests.DelegatedAccessMiddlewareTests.Delegated_mode_allows_treasury_reads(method: &quot;GET&quot;, path: &quot;/api/bankaccount&quot;)" computerName="DESKTOP-OUOF4D0" duration="00:00:00.0003144" startTime="2026-07-15T13:15:10.0270657+01:00" endTime="2026-07-15T13:15:10.0270658+01:00" testType="13cdc9d9-ddb5-4fa4-a97d-d965ccfc6d4b" outcome="Passed" testListId="8c84fa94-04c1-424b-9868-57a2d4851a1d" relativeResultsDirectory="3e519545-3d2d-4e72-bafb-cd1edc7ed836" />
    <UnitTestResult executionId="61cfa842-0a2d-4aa6-bd6d-9eb6e466e414" testId="063b39eb-6d53-c193-1baa-f792eb1398ee" testName="FactuTrust.API.Tests.DelegatedAccessMiddlewareTests.Delegated_mode_allows_accounting_routes(method: &quot;POST&quot;, path: &quot;/api/accounting/journal-entries&quot;)" computerName="DESKTOP-OUOF4D0" duration="00:00:00.0001343" startTime="2026-07-15T13:15:10.0270255+01:00" endTime="2026-07-15T13:15:10.0270256+01:00" testType="13cdc9d9-ddb5-4fa4-a97d-d965ccfc6d4b" outcome="Passed" testListId="8c84fa94-04c1-424b-9868-57a2d4851a1d" relativeResultsDirectory="61cfa842-0a2d-4aa6-bd6d-9eb6e466e414" />
    <UnitTestResult executionId="7cdafd67-b235-458f-9627-feffc8302b51" testId="2983779b-f694-07a4-08d7-99ff5f375fa6" testName="FactuTrust.API.Tests.ForecastingControllerCreatePurchaseOrdersTests.CreatePurchaseOrders_WhenNoneCreatedAndNoUnlinked_ReturnsGenericMessage" computerName="DESKTOP-OUOF4D0" duration="00:00:00.1309297" startTime="2026-07-15T13:15:10.0721204+01:00" endTime="2026-07-15T13:15:10.0721205+01:00" testType="13cdc9d9-ddb5-4fa4-a97d-d965ccfc6d4b" outcome="Passed" testListId="8c84fa94-04c1-424b-9868-57a2d4851a1d" relativeResultsDirectory="7cdafd67-b235-458f-9627-feffc8302b51" />
    <UnitTestResult executionId="aa54d36a-c749-4e93-ac5b-29aed4011154" testId="cee0f6f3-fe60-a370-5c6f-5894a93b78ed" testName="FactuTrust.API.Tests.ForecastingControllerCreatePurchaseOrdersTests.CreatePurchaseOrders_WhenCreated_ReturnsCountMessage" computerName="DESKTOP-OUOF4D0" duration="00:00:00.0008463" startTime="2026-07-15T13:15:10.0759259+01:00" endTime="2026-07-15T13:15:10.0759260+01:00" testType="13cdc9d9-ddb5-4fa4-a97d-d965ccfc6d4b" outcome="Passed" testListId="8c84fa94-04c1-424b-9868-57a2d4851a1d" relativeResultsDirectory="aa54d36a-c749-4e93-ac5b-29aed4011154" />
    <UnitTestResult executionId="87a6e057-541d-4001-89a4-2b26849a10fc" testId="d6ca52f7-fb9b-762e-6fce-eb345fb8260b" testName="FactuTrust.API.Tests.ReplenishmentDtoSerializationTests.ReplenishmentDecisionAuditDto_PreservesAllFields" computerName="DESKTOP-OUOF4D0" duration="00:00:00.0810939" startTime="2026-07-15T13:15:10.0270436+01:00" endTime="2026-07-15T13:15:10.0270437+01:00" testType="13cdc9d9-ddb5-4fa4-a97d-d965ccfc6d4b" outcome="Passed" testListId="8c84fa94-04c1-424b-9868-57a2d4851a1d" relativeResultsDirectory="87a6e057-541d-4001-89a4-2b26849a10fc" />
    <UnitTestResult executionId="c8538f56-13bd-4e7e-9727-eb963081b957" testId="a6edd5d8-2360-ea11-ca49-b19732858345" testName="FactuTrust.API.Tests.PermissionAuthorizationHandlerTests.Legacy_token_without_perm_claims_falls_back_to_role_matrix" computerName="DESKTOP-OUOF4D0" duration="00:00:00.0010349" startTime="2026-07-15T13:15:09.9915575+01:00" endTime="2026-07-15T13:15:09.9915579+01:00" testType="13cdc9d9-ddb5-4fa4-a97d-d965ccfc6d4b" outcome="Passed" testListId="8c84fa94-04c1-424b-9868-57a2d4851a1d" relativeResultsDirectory="c8538f56-13bd-4e7e-9727-eb963081b957" />
    <UnitTestResult executionId="7640aecb-c20b-4af6-ab33-471a0da9c44d" testId="9a9525d5-f072-74df-293a-9303dd219044" testName="FactuTrust.API.Tests.ReplenishmentDtoSerializationTests.DismissReplenishmentRequestDto_RequiresReasonInJson" computerName="DESKTOP-OUOF4D0" duration="00:00:00.0012324" startTime="2026-07-15T13:15:10.0274897+01:00" endTime="2026-07-15T13:15:10.0274898+01:00" testType="13cdc9d9-ddb5-4fa4-a97d-d965ccfc6d4b" outcome="Passed" testListId="8c84fa94-04c1-424b-9868-57a2d4851a1d" relativeResultsDirectory="7640aecb-c20b-4af6-ab33-471a0da9c44d" />
    <UnitTestResult executionId="07e05a72-43d2-4280-a5ab-f16420aaf74a" testId="8a021de8-ff1f-ea9e-c081-9747a3c2e050" testName="FactuTrust.API.Tests.PermissionAuthorizationHandlerTests.Fails_when_perm_claim_missing_for_requirement" computerName="DESKTOP-OUOF4D0" duration="00:00:00.0012678" startTime="2026-07-15T13:15:09.9908696+01:00" endTime="2026-07-15T13:15:09.9908697+01:00" testType="13cdc9d9-ddb5-4fa4-a97d-d965ccfc6d4b" outcome="Passed" testListId="8c84fa94-04c1-424b-9868-57a2d4851a1d" relativeResultsDirectory="07e05a72-43d2-4280-a5ab-f16420aaf74a" />
    <UnitTestResult executionId="b4a0f389-3c42-4549-a631-508f9de91665" testId="1246e4ad-33cc-890e-0e95-e156eb0c98b6" testName="FactuTrust.API.Tests.WhatsAppBridgeOutboundSenderTests.EmptyInputs_ReturnFalse_WithoutCallingBridge(chatId: &quot;21612345678@c.us&quot;, text: &quot;   &quot;)" computerName="DESKTOP-OUOF4D0" duration="00:00:00.0002270" startTime="2026-07-15T13:15:10.0364797+01:00" endTime="2026-07-15T13:15:10.0364798+01:00" testType="13cdc9d9-ddb5-4fa4-a97d-d965ccfc6d4b" outcome="Passed" testListId="8c84fa94-04c1-424b-9868-57a2d4851a1d" relativeResultsDirectory="b4a0f389-3c42-4549-a631-508f9de91665" />
    <UnitTestResult executionId="53e62f3b-775b-460e-a97f-b2caed013300" testId="d4758ac7-374b-de8e-efba-c48912724575" testName="FactuTrust.API.Tests.PermissionAuthorizationHandlerTests.Succeeds_when_jwt_style_perm_claim_present" computerName="DESKTOP-OUOF4D0" duration="00:00:00.0015257" startTime="2026-07-15T13:15:09.9931880+01:00" endTime="2026-07-15T13:15:09.9931883+01:00" testType="13cdc9d9-ddb5-4fa4-a97d-d965ccfc6d4b" outcome="Passed" testListId="8c84fa94-04c1-424b-9868-57a2d4851a1d" relativeResultsDirectory="53e62f3b-775b-460e-a97f-b2caed013300" />
    <UnitTestResult executionId="673c2b50-3f85-4a9f-9bf9-f3baa7cdf599" testId="65b8f68c-da30-7c77-e87d-fb8edab65d59" testName="FactuTrust.API.Tests.PlatformApiIntegrationTests.Platform_migrations_without_token_returns_401" computerName="DESKTOP-OUOF4D0" duration="00:00:16.9377304" startTime="2026-07-15T13:15:26.8823714+01:00" endTime="2026-07-15T13:15:26.8823719+01:00" testType="13cdc9d9-ddb5-4fa4-a97d-d965ccfc6d4b" outcome="Passed" testListId="8c84fa94-04c1-424b-9868-57a2d4851a1d" relativeResultsDirectory="673c2b50-3f85-4a9f-9bf9-f3baa7cdf599" />
    <UnitTestResult executionId="cd5ea5f5-88c8-45e5-a07c-8a8f4e489aab" testId="2689a468-2880-cbf6-1789-ca0849ff2aa4" testName="FactuTrust.API.Tests.DelegatedAccessMiddlewareTests.Delegated_mode_allows_firm_context_and_auth_session_writes(method: &quot;GET&quot;, path: &quot;/api/firm/context&quot;)" computerName="DESKTOP-OUOF4D0" duration="00:00:00.0000628" startTime="2026-07-15T13:15:10.0269796+01:00" endTime="2026-07-15T13:15:10.0269797+01:00" testType="13cdc9d9-ddb5-4fa4-a97d-d965ccfc6d4b" outcome="Passed" testListId="8c84fa94-04c1-424b-9868-57a2d4851a1d" relativeResultsDirectory="cd5ea5f5-88c8-45e5-a07c-8a8f4e489aab" />
    <UnitTestResult executionId="5abecc51-3a57-4987-90f7-3004e450fb50" testId="bcc4bbfe-8017-d898-7fb4-dfbdeb67d308" testName="FactuTrust.API.Tests.WhatsAppBridgeOutboundSenderTests.BridgeThrows_IsSwallowed_ReturnsFalse" computerName="DESKTOP-OUOF4D0" duration="00:00:00.0052806" startTime="2026-07-15T13:15:10.0419999+01:00" endTime="2026-07-15T13:15:10.0420000+01:00" testType="13cdc9d9-ddb5-4fa4-a97d-d965ccfc6d4b" outcome="Passed" testListId="8c84fa94-04c1-424b-9868-57a2d4851a1d" relativeResultsDirectory="5abecc51-3a57-4987-90f7-3004e450fb50" />
    <UnitTestResult executionId="65188bd6-deda-4916-81f3-baaee249da70" testId="e4e21928-da65-999b-08d6-076b10346013" testName="FactuTrust.API.Tests.ReplenishmentDtoSerializationTests.ReplenishmentRecommendationDto_RoundtripsAllFields" computerName="DESKTOP-OUOF4D0" duration="00:00:00.0257508" startTime="2026-07-15T13:15:10.0589507+01:00" endTime="2026-07-15T13:15:10.0589508+01:00" testType="13cdc9d9-ddb5-4fa4-a97d-d965ccfc6d4b" outcome="Passed" testListId="8c84fa94-04c1-424b-9868-57a2d4851a1d" relativeResultsDirectory="65188bd6-deda-4916-81f3-baaee249da70" />
    <UnitTestResult executionId="b99c9a36-4c92-41d4-9514-2b7d90f356e0" testId="d26c52b5-a94b-e076-0e51-f78911b29b51" testName="FactuTrust.API.Tests.SearchControllerTests.Search_ReturnsOkWithResults" computerName="DESKTOP-OUOF4D0" duration="00:00:00.1027142" startTime="2026-07-15T13:15:10.0431560+01:00" endTime="2026-07-15T13:15:10.0431562+01:00" testType="13cdc9d9-ddb5-4fa4-a97d-d965ccfc6d4b" outcome="Passed" testListId="8c84fa94-04c1-424b-9868-57a2d4851a1d" relativeResultsDirectory="b99c9a36-4c92-41d4-9514-2b7d90f356e0" />
    <UnitTestResult executionId="22134a4e-e91c-46ea-8cfb-520bad2e7569" testId="eec29157-3930-c8e2-2c58-ca0f1b522e06" testName="FactuTrust.API.Tests.WhatsAppBridgeOutboundSenderTests.BridgeNotReady_ReturnsFalse" computerName="DESKTOP-OUOF4D0" duration="00:00:00.0047827" startTime="2026-07-15T13:15:10.0468589+01:00" endTime="2026-07-15T13:15:10.0468592+01:00" testType="13cdc9d9-ddb5-4fa4-a97d-d965ccfc6d4b" outcome="Passed" testListId="8c84fa94-04c1-424b-9868-57a2d4851a1d" relativeResultsDirectory="22134a4e-e91c-46ea-8cfb-520bad2e7569" />
    <UnitTestResult executionId="ed2ff8f5-77c4-457e-ade5-bd0fac0209ea" testId="26f40927-db64-b54d-6ff5-fac3f1a00153" testName="FactuTrust.API.Tests.DelegatedAccessMiddlewareTests.Delegated_mode_allows_invoice_reads(method: &quot;GET&quot;, path: &quot;/api/supplierinvoices&quot;)" computerName="DESKTOP-OUOF4D0" duration="00:00:00.0001689" startTime="2026-07-15T13:15:10.0271198+01:00" endTime="2026-07-15T13:15:10.0271198+01:00" testType="13cdc9d9-ddb5-4fa4-a97d-d965ccfc6d4b" outcome="Passed" testListId="8c84fa94-04c1-424b-9868-57a2d4851a1d" relativeResultsDirectory="ed2ff8f5-77c4-457e-ade5-bd0fac0209ea" />
    <UnitTestResult executionId="82eda17c-1ae0-4c25-8b83-695ad322239b" testId="7203fb4d-eb27-399f-39b9-c59ceb9e46b6" testName="FactuTrust.API.Tests.DelegatedAccessMiddlewareTests.Delegated_mode_blocks_treasury_and_payment_writes(method: &quot;POST&quot;, path: &quot;/api/bankaccount&quot;)" computerName="DESKTOP-OUOF4D0" duration="00:00:00.0004008" startTime="2026-07-15T13:15:10.0249097+01:00" endTime="2026-07-15T13:15:10.0249097+01:00" testType="13cdc9d9-ddb5-4fa4-a97d-d965ccfc6d4b" outcome="Passed" testListId="8c84fa94-04c1-424b-9868-57a2d4851a1d" relativeResultsDirectory="82eda17c-1ae0-4c25-8b83-695ad322239b" />
    <UnitTestResult executionId="b18dc4a9-7471-4709-bd9b-87496ed0efaf" testId="395755cc-5a4f-b4ad-aff2-5d53b1631fe9" testName="FactuTrust.API.Tests.DelegatedAccessMiddlewareTests.Delegated_mode_allows_firm_context_and_auth_session_writes(method: &quot;POST&quot;, path: &quot;/api/auth/logout&quot;)" computerName="DESKTOP-OUOF4D0" duration="00:00:00.0000089" startTime="2026-07-15T13:15:10.0250181+01:00" endTime="2026-07-15T13:15:10.0250181+01:00" testType="13cdc9d9-ddb5-4fa4-a97d-d965ccfc6d4b" outcome="Passed" testListId="8c84fa94-04c1-424b-9868-57a2d4851a1d" relativeResultsDirectory="b18dc4a9-7471-4709-bd9b-87496ed0efaf" />
    <UnitTestResult executionId="a75d4238-b4cf-4296-aa30-684291e78766" testId="605d8fce-f1f9-76b9-ba75-6255c708580b" testName="FactuTrust.API.Tests.DelegatedAccessMiddlewareTests.Delegated_mode_blocks_treasury_and_payment_writes(method: &quot;POST&quot;, path: &quot;/api/cash-desk/operations&quot;)" computerName="DESKTOP-OUOF4D0" duration="00:00:00.0782593" startTime="2026-07-15T13:15:10.0248839+01:00" endTime="2026-07-15T13:15:10.0248840+01:00" testType="13cdc9d9-ddb5-4fa4-a97d-d965ccfc6d4b" outcome="Passed" testListId="8c84fa94-04c1-424b-9868-57a2d4851a1d" relativeResultsDirectory="a75d4238-b4cf-4296-aa30-684291e78766" />
    <UnitTestResult executionId="bf9da091-b142-4f70-9950-654c94365d87" testId="7709dcd5-0876-e4a6-d887-d8b0ee3bcf11" testName="FactuTrust.API.Tests.PlatformAiSettingsSerializationTests.InferenceDevice_deserializes_from_pascal_case_string" computerName="DESKTOP-OUOF4D0" duration="00:00:00.0046855" startTime="2026-07-15T13:15:10.0332760+01:00" endTime="2026-07-15T13:15:10.0332762+01:00" testType="13cdc9d9-ddb5-4fa4-a97d-d965ccfc6d4b" outcome="Passed" testListId="8c84fa94-04c1-424b-9868-57a2d4851a1d" relativeResultsDirectory="bf9da091-b142-4f70-9950-654c94365d87" />
    <UnitTestResult executionId="062e0def-b601-4a7d-9416-3342cfba17df" testId="5eb91f9e-0957-51c7-f951-c28a4cfeb9ed" testName="FactuTrust.API.Tests.ReplenishmentDtoSerializationTests.ReplenishmentFiltersDto_DefaultsAreSafe" computerName="DESKTOP-OUOF4D0" duration="00:00:00.0004132" startTime="2026-07-15T13:15:10.0594034+01:00" endTime="2026-07-15T13:15:10.0594036+01:00" testType="13cdc9d9-ddb5-4fa4-a97d-d965ccfc6d4b" outcome="Passed" testListId="8c84fa94-04c1-424b-9868-57a2d4851a1d" relativeResultsDirectory="062e0def-b601-4a7d-9416-3342cfba17df" />
    <UnitTestResult executionId="86fa544f-bac0-4d05-b608-42d50e9c401d" testId="98783cc3-4a6d-cbe2-f783-fe176e03c7df" testName="FactuTrust.API.Tests.ReplenishmentDtoSerializationTests.OverrideReplenishmentRequestDto_AllowsBothNulls" computerName="DESKTOP-OUOF4D0" duration="00:00:00.0097467" startTime="2026-07-15T13:15:10.0331197+01:00" endTime="2026-07-15T13:15:10.0331199+01:00" testType="13cdc9d9-ddb5-4fa4-a97d-d965ccfc6d4b" outcome="Passed" testListId="8c84fa94-04c1-424b-9868-57a2d4851a1d" relativeResultsDirectory="86fa544f-bac0-4d05-b608-42d50e9c401d" />
    <UnitTestResult executionId="9bf5c0b4-5750-46fd-9ee6-1cc69b380110" testId="4e4bed2e-16d4-7efe-e50b-eb52eaf57184" testName="FactuTrust.API.Tests.DelegatedAccessMiddlewareTests.Delegated_mode_allows_firm_context_and_auth_session_writes(method: &quot;POST&quot;, path: &quot;/api/auth/refresh&quot;)" computerName="DESKTOP-OUOF4D0" duration="00:00:00.0005233" startTime="2026-07-15T13:15:10.0249890+01:00" endTime="2026-07-15T13:15:10.0249891+01:00" testType="13cdc9d9-ddb5-4fa4-a97d-d965ccfc6d4b" outcome="Passed" testListId="8c84fa94-04c1-424b-9868-57a2d4851a1d" relativeResultsDirectory="9bf5c0b4-5750-46fd-9ee6-1cc69b380110" />
    <UnitTestResult executionId="40f8adaf-4513-40b9-a27a-97c23c6df22f" testId="35dd773b-0973-7d77-96b9-380e39b54987" testName="FactuTrust.API.Tests.PlatformAiSettingsSerializationTests.InferenceDevice_serializes_as_pascal_case_string" computerName="DESKTOP-OUOF4D0" duration="00:00:00.0880177" startTime="2026-07-15T13:15:10.0284768+01:00" endTime="2026-07-15T13:15:10.0284768+01:00" testType="13cdc9d9-ddb5-4fa4-a97d-d965ccfc6d4b" outcome="Passed" testListId="8c84fa94-04c1-424b-9868-57a2d4851a1d" relativeResultsDirectory="40f8adaf-4513-40b9-a27a-97c23c6df22f" />
  </Results>
  <TestDefinitions>
    <UnitTest name="FactuTrust.API.Tests.ForecastingControllerCreatePurchaseOrdersTests.CreatePurchaseOrders_WithEmptySelection_ReturnsBadRequest" storage="c:\solution\factutrustcopy\src\backend\tests\factutrust.api.tests\bin\debug\net8.0\factutrust.api.tests.dll" id="c583a8ff-ce3c-d2a3-56fa-ebbdae26bb6f">
      <Execution id="997687d6-14c5-474a-a927-67a7ea0d3e36" />
      <TestMethod codeBase="C:\Solution\FactuTrustCopy\src\Backend\tests\FactuTrust.API.Tests\bin\Debug\net8.0\FactuTrust.API.Tests.dll" adapterTypeName="executor://xunit/VsTestRunner2/netcoreapp" className="FactuTrust.API.Tests.ForecastingControllerCreatePurchaseOrdersTests" name="CreatePurchaseOrders_WithEmptySelection_ReturnsBadRequest" />
    </UnitTest>
    <UnitTest name="FactuTrust.API.Tests.PlatformApiIntegrationTests.Platform_migrations_without_token_returns_401" storage="c:\solution\factutrustcopy\src\backend\tests\factutrust.api.tests\bin\debug\net8.0\factutrust.api.tests.dll" id="65b8f68c-da30-7c77-e87d-fb8edab65d59">
      <Execution id="673c2b50-3f85-4a9f-9bf9-f3baa7cdf599" />
      <TestMethod codeBase="C:\Solution\FactuTrustCopy\src\Backend\tests\FactuTrust.API.Tests\bin\Debug\net8.0\FactuTrust.API.Tests.dll" adapterTypeName="executor://xunit/VsTestRunner2/netcoreapp" className="FactuTrust.API.Tests.PlatformApiIntegrationTests" name="Platform_migrations_without_token_returns_401" />
    </UnitTest>
    <UnitTest name="FactuTrust.API.Tests.PermissionAuthorizationHandlerTests.Module_scoped_with_matching_perm_succeeds" storage="c:\solution\factutrustcopy\src\backend\tests\factutrust.api.tests\bin\debug\net8.0\factutrust.api.tests.dll" id="e8296e81-42c5-3a80-0e7c-23fc2893c2de">
      <Execution id="f3e3ca54-3377-4b1d-9fae-fdf11484cc08" />
      <TestMethod codeBase="C:\Solution\FactuTrustCopy\src\Backend\tests\FactuTrust.API.Tests\bin\Debug\net8.0\FactuTrust.API.Tests.dll" adapterTypeName="executor://xunit/VsTestRunner2/netcoreapp" className="FactuTrust.API.Tests.PermissionAuthorizationHandlerTests" name="Module_scoped_with_matching_perm_succeeds" />
    </UnitTest>
    <UnitTest name="FactuTrust.API.Tests.ReplenishmentDtoSerializationTests.ReplenishmentRecommendationDto_RoundtripsAllFields" storage="c:\solution\factutrustcopy\src\backend\tests\factutrust.api.tests\bin\debug\net8.0\factutrust.api.tests.dll" id="e4e21928-da65-999b-08d6-076b10346013">
      <Execution id="65188bd6-deda-4916-81f3-baaee249da70" />
      <TestMethod codeBase="C:\Solution\FactuTrustCopy\src\Backend\tests\FactuTrust.API.Tests\bin\Debug\net8.0\FactuTrust.API.Tests.dll" adapterTypeName="executor://xunit/VsTestRunner2/netcoreapp" className="FactuTrust.API.Tests.ReplenishmentDtoSerializationTests" name="ReplenishmentRecommendationDto_RoundtripsAllFields" />
    </UnitTest>
    <UnitTest name="FactuTrust.API.Tests.DelegatedAccessMiddlewareTests.Delegated_mode_allows_invoice_reads(method: &quot;GET&quot;, path: &quot;/api/invoices&quot;)" storage="c:\solution\factutrustcopy\src\backend\tests\factutrust.api.tests\bin\debug\net8.0\factutrust.api.tests.dll" id="d982a3e9-29b9-ec41-4501-48381e419036">
      <Execution id="a50ff5d2-e6fc-4965-ba60-16ddb8b43860" />
      <TestMethod codeBase="C:\Solution\FactuTrustCopy\src\Backend\tests\FactuTrust.API.Tests\bin\Debug\net8.0\FactuTrust.API.Tests.dll" adapterTypeName="executor://xunit/VsTestRunner2/netcoreapp" className="FactuTrust.API.Tests.DelegatedAccessMiddlewareTests" name="Delegated_mode_allows_invoice_reads" />
    </UnitTest>
    <UnitTest name="FactuTrust.API.Tests.ReplenishmentDtoSerializationTests.DismissReplenishmentRequestDto_RequiresReasonInJson" storage="c:\solution\factutrustcopy\src\backend\tests\factutrust.api.tests\bin\debug\net8.0\factutrust.api.tests.dll" id="9a9525d5-f072-74df-293a-9303dd219044">
      <Execution id="7640aecb-c20b-4af6-ab33-471a0da9c44d" />
      <TestMethod codeBase="C:\Solution\FactuTrustCopy\src\Backend\tests\FactuTrust.API.Tests\bin\Debug\net8.0\FactuTrust.API.Tests.dll" adapterTypeName="executor://xunit/VsTestRunner2/netcoreapp" className="FactuTrust.API.Tests.ReplenishmentDtoSerializationTests" name="DismissReplenishmentRequestDto_RequiresReasonInJson" />
    </UnitTest>
    <UnitTest name="FactuTrust.API.Tests.WhatsAppBridgeOutboundSenderTests.HappyPath_DelegatesToBridge" storage="c:\solution\factutrustcopy\src\backend\tests\factutrust.api.tests\bin\debug\net8.0\factutrust.api.tests.dll" id="980fbcc2-21f6-fb23-7e95-2dd4a17f0a8d">
      <Execution id="4ecc366b-689a-45b1-83a9-8624c0451321" />
      <TestMethod codeBase="C:\Solution\FactuTrustCopy\src\Backend\tests\FactuTrust.API.Tests\bin\Debug\net8.0\FactuTrust.API.Tests.dll" adapterTypeName="executor://xunit/VsTestRunner2/netcoreapp" className="FactuTrust.API.Tests.WhatsAppBridgeOutboundSenderTests" name="HappyPath_DelegatesToBridge" />
    </UnitTest>
    <UnitTest name="FactuTrust.API.Tests.SearchControllerTests.Search_ReturnsOkWithResults" storage="c:\solution\factutrustcopy\src\backend\tests\factutrust.api.tests\bin\debug\net8.0\factutrust.api.tests.dll" id="d26c52b5-a94b-e076-0e51-f78911b29b51">
      <Execution id="b99c9a36-4c92-41d4-9514-2b7d90f356e0" />
      <TestMethod codeBase="C:\Solution\FactuTrustCopy\src\Backend\tests\FactuTrust.API.Tests\bin\Debug\net8.0\FactuTrust.API.Tests.dll" adapterTypeName="executor://xunit/VsTestRunner2/netcoreapp" className="FactuTrust.API.Tests.SearchControllerTests" name="Search_ReturnsOkWithResults" />
    </UnitTest>
    <UnitTest name="FactuTrust.API.Tests.WhatsAppBridgeOutboundSenderTests.BridgeThrows_IsSwallowed_ReturnsFalse" storage="c:\solution\factutrustcopy\src\backend\tests\factutrust.api.tests\bin\debug\net8.0\factutrust.api.tests.dll" id="bcc4bbfe-8017-d898-7fb4-dfbdeb67d308">
      <Execution id="5abecc51-3a57-4987-90f7-3004e450fb50" />
      <TestMethod codeBase="C:\Solution\FactuTrustCopy\src\Backend\tests\FactuTrust.API.Tests\bin\Debug\net8.0\FactuTrust.API.Tests.dll" adapterTypeName="executor://xunit/VsTestRunner2/netcoreapp" className="FactuTrust.API.Tests.WhatsAppBridgeOutboundSenderTests" name="BridgeThrows_IsSwallowed_ReturnsFalse" />
    </UnitTest>
    <UnitTest name="FactuTrust.API.Tests.PermissionAuthorizationHandlerTests.Legacy_accountant_denied_settings_update" storage="c:\solution\factutrustcopy\src\backend\tests\factutrust.api.tests\bin\debug\net8.0\factutrust.api.tests.dll" id="9b18037e-9d2f-2989-b7e9-371d03018a22">
      <Execution id="57b7fee1-90be-432b-b4ff-ba6eecd22ac9" />
      <TestMethod codeBase="C:\Solution\FactuTrustCopy\src\Backend\tests\FactuTrust.API.Tests\bin\Debug\net8.0\FactuTrust.API.Tests.dll" adapterTypeName="executor://xunit/VsTestRunner2/netcoreapp" className="FactuTrust.API.Tests.PermissionAuthorizationHandlerTests" name="Legacy_accountant_denied_settings_update" />
    </UnitTest>
    <UnitTest name="FactuTrust.API.Tests.ReplenishmentDtoSerializationTests.CreatePurchaseOrdersResultDto_ExposesCreatedOrdersAndWarnings" storage="c:\solution\factutrustcopy\src\backend\tests\factutrust.api.tests\bin\debug\net8.0\factutrust.api.tests.dll" id="30a9ad11-5675-1e5a-21f7-0098123f6302">
      <Execution id="82344257-94a3-492f-85f7-001ddee9f8f2" />
      <TestMethod codeBase="C:\Solution\FactuTrustCopy\src\Backend\tests\FactuTrust.API.Tests\bin\Debug\net8.0\FactuTrust.API.Tests.dll" adapterTypeName="executor://xunit/VsTestRunner2/netcoreapp" className="FactuTrust.API.Tests.ReplenishmentDtoSerializationTests" name="CreatePurchaseOrdersResultDto_ExposesCreatedOrdersAndWarnings" />
    </UnitTest>
    <UnitTest name="FactuTrust.API.Tests.DelegatedAccessMiddlewareTests.Unauthenticated_requests_pass_through" storage="c:\solution\factutrustcopy\src\backend\tests\factutrust.api.tests\bin\debug\net8.0\factutrust.api.tests.dll" id="32751989-0eb8-5277-7426-d2a7b640c73e">
      <Execution id="d1a5ce08-191b-4978-96a4-d62628e66042" />
      <TestMethod codeBase="C:\Solution\FactuTrustCopy\src\Backend\tests\FactuTrust.API.Tests\bin\Debug\net8.0\FactuTrust.API.Tests.dll" adapterTypeName="executor://xunit/VsTestRunner2/netcoreapp" className="FactuTrust.API.Tests.DelegatedAccessMiddlewareTests" name="Unauthenticated_requests_pass_through" />
    </UnitTest>
    <UnitTest name="FactuTrust.API.Tests.DelegatedAccessMiddlewareTests.Delegated_mode_blocks_non_accounting_writes(method: &quot;POST&quot;, path: &quot;/api/clients&quot;)" storage="c:\solution\factutrustcopy\src\backend\tests\factutrust.api.tests\bin\debug\net8.0\factutrust.api.tests.dll" id="b5dac335-5591-4daa-3206-59914370b0bc">
      <Execution id="49927aba-7511-4f39-8ee1-2a7bd6c46279" />
      <TestMethod codeBase="C:\Solution\FactuTrustCopy\src\Backend\tests\FactuTrust.API.Tests\bin\Debug\net8.0\FactuTrust.API.Tests.dll" adapterTypeName="executor://xunit/VsTestRunner2/netcoreapp" className="FactuTrust.API.Tests.DelegatedAccessMiddlewareTests" name="Delegated_mode_blocks_non_accounting_writes" />
    </UnitTest>
    <UnitTest name="FactuTrust.API.Tests.PurchaseOrdersControllerTests.ConfirmPurchaseOrder_WhenConflict_ShouldReturn409" storage="c:\solution\factutrustcopy\src\backend\tests\factutrust.api.tests\bin\debug\net8.0\factutrust.api.tests.dll" id="fd1b6034-c6c9-d474-5a81-84e8ed432741">
      <Execution id="ca88bcb7-7529-464f-86a1-4db4213291ac" />
      <TestMethod codeBase="C:\Solution\FactuTrustCopy\src\Backend\tests\FactuTrust.API.Tests\bin\Debug\net8.0\FactuTrust.API.Tests.dll" adapterTypeName="executor://xunit/VsTestRunner2/netcoreapp" className="FactuTrust.API.Tests.PurchaseOrdersControllerTests" name="ConfirmPurchaseOrder_WhenConflict_ShouldReturn409" />
    </UnitTest>
    <UnitTest name="FactuTrust.API.Tests.WhatsAppBridgeOutboundSenderTests.Disabled_ReturnsFalse_WithoutCallingBridge" storage="c:\solution\factutrustcopy\src\backend\tests\factutrust.api.tests\bin\debug\net8.0\factutrust.api.tests.dll" id="cfde419a-ff7b-b94f-cafa-b4f701c3f060">
      <Execution id="c72b73a7-d821-48ab-86ff-d325543867cf" />
      <TestMethod codeBase="C:\Solution\FactuTrustCopy\src\Backend\tests\FactuTrust.API.Tests\bin\Debug\net8.0\FactuTrust.API.Tests.dll" adapterTypeName="executor://xunit/VsTestRunner2/netcoreapp" className="FactuTrust.API.Tests.WhatsAppBridgeOutboundSenderTests" name="Disabled_ReturnsFalse_WithoutCallingBridge" />
    </UnitTest>
    <UnitTest name="FactuTrust.API.Tests.PermissionAuthorizationHandlerTests.Module_scoped_without_perm_claims_denies_even_if_admin_role" storage="c:\solution\factutrustcopy\src\backend\tests\factutrust.api.tests\bin\debug\net8.0\factutrust.api.tests.dll" id="fb2b313b-d704-ca6b-bf11-e11167111175">
      <Execution id="2c06af41-f9ca-4de5-8159-63d8d06a0cf6" />
      <TestMethod codeBase="C:\Solution\FactuTrustCopy\src\Backend\tests\FactuTrust.API.Tests\bin\Debug\net8.0\FactuTrust.API.Tests.dll" adapterTypeName="executor://xunit/VsTestRunner2/netcoreapp" className="FactuTrust.API.Tests.PermissionAuthorizationHandlerTests" name="Module_scoped_without_perm_claims_denies_even_if_admin_role" />
    </UnitTest>
    <UnitTest name="FactuTrust.API.Tests.AiPowerPointExportControllerTests.Generate_WhenMessageNotFound_ShouldReturn404WithCode" storage="c:\solution\factutrustcopy\src\backend\tests\factutrust.api.tests\bin\debug\net8.0\factutrust.api.tests.dll" id="c838a0e9-4aa0-5e7f-3b45-eca4391339de">
      <Execution id="995c44ad-9c5d-4126-a922-80bb0e6d46b6" />
      <TestMethod codeBase="C:\Solution\FactuTrustCopy\src\Backend\tests\FactuTrust.API.Tests\bin\Debug\net8.0\FactuTrust.API.Tests.dll" adapterTypeName="executor://xunit/VsTestRunner2/netcoreapp" className="FactuTrust.API.Tests.AiPowerPointExportControllerTests" name="Generate_WhenMessageNotFound_ShouldReturn404WithCode" />
    </UnitTest>
    <UnitTest name="FactuTrust.API.Tests.WhatsAppBridgeOutboundSenderTests.BridgeNotReady_ReturnsFalse" storage="c:\solution\factutrustcopy\src\backend\tests\factutrust.api.tests\bin\debug\net8.0\factutrust.api.tests.dll" id="eec29157-3930-c8e2-2c58-ca0f1b522e06">
      <Execution id="22134a4e-e91c-46ea-8cfb-520bad2e7569" />
      <TestMethod codeBase="C:\Solution\FactuTrustCopy\src\Backend\tests\FactuTrust.API.Tests\bin\Debug\net8.0\FactuTrust.API.Tests.dll" adapterTypeName="executor://xunit/VsTestRunner2/netcoreapp" className="FactuTrust.API.Tests.WhatsAppBridgeOutboundSenderTests" name="BridgeNotReady_ReturnsFalse" />
    </UnitTest>
    <UnitTest name="FactuTrust.API.Tests.WhatsAppBridgeOutboundSenderTests.EmptyInputs_ReturnFalse_WithoutCallingBridge(chatId: &quot;&quot;, text: &quot;texte&quot;)" storage="c:\solution\factutrustcopy\src\backend\tests\factutrust.api.tests\bin\debug\net8.0\factutrust.api.tests.dll" id="c259ce5f-a8e3-6fb4-6554-2c0f341435d3">
      <Execution id="cc310c15-7663-4225-be9b-472143ea2f11" />
      <TestMethod codeBase="C:\Solution\FactuTrustCopy\src\Backend\tests\FactuTrust.API.Tests\bin\Debug\net8.0\FactuTrust.API.Tests.dll" adapterTypeName="executor://xunit/VsTestRunner2/netcoreapp" className="FactuTrust.API.Tests.WhatsAppBridgeOutboundSenderTests" name="EmptyInputs_ReturnFalse_WithoutCallingBridge" />
    </UnitTest>
    <UnitTest name="FactuTrust.API.Tests.DelegatedAccessMiddlewareTests.Delegated_mode_allows_accounting_routes(method: &quot;POST&quot;, path: &quot;/api/accounting/journal-entries&quot;)" storage="c:\solution\factutrustcopy\src\backend\tests\factutrust.api.tests\bin\debug\net8.0\factutrust.api.tests.dll" id="063b39eb-6d53-c193-1baa-f792eb1398ee">
      <Execution id="61cfa842-0a2d-4aa6-bd6d-9eb6e466e414" />
      <TestMethod codeBase="C:\Solution\FactuTrustCopy\src\Backend\tests\FactuTrust.API.Tests\bin\Debug\net8.0\FactuTrust.API.Tests.dll" adapterTypeName="executor://xunit/VsTestRunner2/netcoreapp" className="FactuTrust.API.Tests.DelegatedAccessMiddlewareTests" name="Delegated_mode_allows_accounting_routes" />
    </UnitTest>
    <UnitTest name="FactuTrust.API.Tests.DelegatedAccessMiddlewareTests.Delegated_mode_allows_invoice_reads(method: &quot;GET&quot;, path: &quot;/api/supplierinvoices&quot;)" storage="c:\solution\factutrustcopy\src\backend\tests\factutrust.api.tests\bin\debug\net8.0\factutrust.api.tests.dll" id="26f40927-db64-b54d-6ff5-fac3f1a00153">
      <Execution id="ed2ff8f5-77c4-457e-ade5-bd0fac0209ea" />
      <TestMethod codeBase="C:\Solution\FactuTrustCopy\src\Backend\tests\FactuTrust.API.Tests\bin\Debug\net8.0\FactuTrust.API.Tests.dll" adapterTypeName="executor://xunit/VsTestRunner2/netcoreapp" className="FactuTrust.API.Tests.DelegatedAccessMiddlewareTests" name="Delegated_mode_allows_invoice_reads" />
    </UnitTest>
    <UnitTest name="FactuTrust.API.Tests.DelegatedAccessMiddlewareTests.Delegated_mode_blocks_treasury_and_payment_writes(method: &quot;POST&quot;, path: &quot;/api/cash-desk/operations&quot;)" storage="c:\solution\factutrustcopy\src\backend\tests\factutrust.api.tests\bin\debug\net8.0\factutrust.api.tests.dll" id="605d8fce-f1f9-76b9-ba75-6255c708580b">
      <Execution id="a75d4238-b4cf-4296-aa30-684291e78766" />
      <TestMethod codeBase="C:\Solution\FactuTrustCopy\src\Backend\tests\FactuTrust.API.Tests\bin\Debug\net8.0\FactuTrust.API.Tests.dll" adapterTypeName="executor://xunit/VsTestRunner2/netcoreapp" className="FactuTrust.API.Tests.DelegatedAccessMiddlewareTests" name="Delegated_mode_blocks_treasury_and_payment_writes" />
    </UnitTest>
    <UnitTest name="FactuTrust.API.Tests.DelegatedAccessMiddlewareTests.Delegated_mode_allows_firm_context_and_auth_session_writes(method: &quot;POST&quot;, path: &quot;/api/firm/context/switch&quot;)" storage="c:\solution\factutrustcopy\src\backend\tests\factutrust.api.tests\bin\debug\net8.0\factutrust.api.tests.dll" id="177284b3-28d2-754c-da4c-93a6837e1ae0">
      <Execution id="1daf9bde-7a3d-43d9-8a50-95c829c543d1" />
      <TestMethod codeBase="C:\Solution\FactuTrustCopy\src\Backend\tests\FactuTrust.API.Tests\bin\Debug\net8.0\FactuTrust.API.Tests.dll" adapterTypeName="executor://xunit/VsTestRunner2/netcoreapp" className="FactuTrust.API.Tests.DelegatedAccessMiddlewareTests" name="Delegated_mode_allows_firm_context_and_auth_session_writes" />
    </UnitTest>
    <UnitTest name="FactuTrust.API.Tests.WhatsAppBridgeOutboundSenderTests.EmptyInputs_ReturnFalse_WithoutCallingBridge(chatId: &quot;21612345678@c.us&quot;, text: &quot;   &quot;)" storage="c:\solution\factutrustcopy\src\backend\tests\factutrust.api.tests\bin\debug\net8.0\factutrust.api.tests.dll" id="1246e4ad-33cc-890e-0e95-e156eb0c98b6">
      <Execution id="b4a0f389-3c42-4549-a631-508f9de91665" />
      <TestMethod codeBase="C:\Solution\FactuTrustCopy\src\Backend\tests\FactuTrust.API.Tests\bin\Debug\net8.0\FactuTrust.API.Tests.dll" adapterTypeName="executor://xunit/VsTestRunner2/netcoreapp" className="FactuTrust.API.Tests.WhatsAppBridgeOutboundSenderTests" name="EmptyInputs_ReturnFalse_WithoutCallingBridge" />
    </UnitTest>
    <UnitTest name="FactuTrust.API.Tests.DelegatedAccessMiddlewareTests.Delegated_mode_blocks_non_accounting_writes(method: &quot;POST&quot;, path: &quot;/api/invoices&quot;)" storage="c:\solution\factutrustcopy\src\backend\tests\factutrust.api.tests\bin\debug\net8.0\factutrust.api.tests.dll" id="f873bfec-4615-f5f0-f42c-633cad1c962a">
      <Execution id="75c36a39-9a7d-463d-9c9d-4ab07db5f8ff" />
      <TestMethod codeBase="C:\Solution\FactuTrustCopy\src\Backend\tests\FactuTrust.API.Tests\bin\Debug\net8.0\FactuTrust.API.Tests.dll" adapterTypeName="executor://xunit/VsTestRunner2/netcoreapp" className="FactuTrust.API.Tests.DelegatedAccessMiddlewareTests" name="Delegated_mode_blocks_non_accounting_writes" />
    </UnitTest>
    <UnitTest name="FactuTrust.API.Tests.ReplenishmentDtoSerializationTests.ReplenishmentDecisionAuditDto_PreservesAllFields" storage="c:\solution\factutrustcopy\src\backend\tests\factutrust.api.tests\bin\debug\net8.0\factutrust.api.tests.dll" id="d6ca52f7-fb9b-762e-6fce-eb345fb8260b">
      <Execution id="87a6e057-541d-4001-89a4-2b26849a10fc" />
      <TestMethod codeBase="C:\Solution\FactuTrustCopy\src\Backend\tests\FactuTrust.API.Tests\bin\Debug\net8.0\FactuTrust.API.Tests.dll" adapterTypeName="executor://xunit/VsTestRunner2/netcoreapp" className="FactuTrust.API.Tests.ReplenishmentDtoSerializationTests" name="ReplenishmentDecisionAuditDto_PreservesAllFields" />
    </UnitTest>
    <UnitTest name="FactuTrust.API.Tests.PermissionAuthorizationHandlerTests.Succeeds_when_jwt_style_perm_claim_present" storage="c:\solution\factutrustcopy\src\backend\tests\factutrust.api.tests\bin\debug\net8.0\factutrust.api.tests.dll" id="d4758ac7-374b-de8e-efba-c48912724575">
      <Execution id="53e62f3b-775b-460e-a97f-b2caed013300" />
      <TestMethod codeBase="C:\Solution\FactuTrustCopy\src\Backend\tests\FactuTrust.API.Tests\bin\Debug\net8.0\FactuTrust.API.Tests.dll" adapterTypeName="executor://xunit/VsTestRunner2/netcoreapp" className="FactuTrust.API.Tests.PermissionAuthorizationHandlerTests" name="Succeeds_when_jwt_style_perm_claim_present" />
    </UnitTest>
    <UnitTest name="FactuTrust.API.Tests.DelegatedAccessMiddlewareTests.Native_mode_allows_firm_context_clear" storage="c:\solution\factutrustcopy\src\backend\tests\factutrust.api.tests\bin\debug\net8.0\factutrust.api.tests.dll" id="02c62bab-fade-b4a1-8f7a-ad1ab0be157d">
      <Execution id="439c664a-ce2b-4510-911c-4d9719ec449a" />
      <TestMethod codeBase="C:\Solution\FactuTrustCopy\src\Backend\tests\FactuTrust.API.Tests\bin\Debug\net8.0\FactuTrust.API.Tests.dll" adapterTypeName="executor://xunit/VsTestRunner2/netcoreapp" className="FactuTrust.API.Tests.DelegatedAccessMiddlewareTests" name="Native_mode_allows_firm_context_clear" />
    </UnitTest>
    <UnitTest name="FactuTrust.API.Tests.DelegatedAccessMiddlewareTests.Delegated_mode_allows_treasury_reads(method: &quot;GET&quot;, path: &quot;/api/cash-desk/balances&quot;)" storage="c:\solution\factutrustcopy\src\backend\tests\factutrust.api.tests\bin\debug\net8.0\factutrust.api.tests.dll" id="87337f8b-5423-893d-b995-ae8ab6cd7b57">
      <Execution id="96d5321b-0a92-48f2-a399-634b969817af" />
      <TestMethod codeBase="C:\Solution\FactuTrustCopy\src\Backend\tests\FactuTrust.API.Tests\bin\Debug\net8.0\FactuTrust.API.Tests.dll" adapterTypeName="executor://xunit/VsTestRunner2/netcoreapp" className="FactuTrust.API.Tests.DelegatedAccessMiddlewareTests" name="Delegated_mode_allows_treasury_reads" />
    </UnitTest>
    <UnitTest name="FactuTrust.API.Tests.PurchaseOrdersControllerTests.ConfirmPurchaseOrder_WhenNotFound_ShouldReturn404" storage="c:\solution\factutrustcopy\src\backend\tests\factutrust.api.tests\bin\debug\net8.0\factutrust.api.tests.dll" id="3bcafee7-99bb-49f3-a464-c14d3ce36158">
      <Execution id="f2dfcbf8-c42b-4e67-84a0-2a3f459b9862" />
      <TestMethod codeBase="C:\Solution\FactuTrustCopy\src\Backend\tests\FactuTrust.API.Tests\bin\Debug\net8.0\FactuTrust.API.Tests.dll" adapterTypeName="executor://xunit/VsTestRunner2/netcoreapp" className="FactuTrust.API.Tests.PurchaseOrdersControllerTests" name="ConfirmPurchaseOrder_WhenNotFound_ShouldReturn404" />
    </UnitTest>
    <UnitTest name="FactuTrust.API.Tests.DelegatedAccessMiddlewareTests.Delegated_mode_blocks_restricted_sales_purchases_reads(method: &quot;GET&quot;, path: &quot;/api/quotes&quot;)" storage="c:\solution\factutrustcopy\src\backend\tests\factutrust.api.tests\bin\debug\net8.0\factutrust.api.tests.dll" id="da7c970b-f2ac-7557-6691-5364869c9db0">
      <Execution id="5a138c07-4ef3-4772-8911-0170555ddba4" />
      <TestMethod codeBase="C:\Solution\FactuTrustCopy\src\Backend\tests\FactuTrust.API.Tests\bin\Debug\net8.0\FactuTrust.API.Tests.dll" adapterTypeName="executor://xunit/VsTestRunner2/netcoreapp" className="FactuTrust.API.Tests.DelegatedAccessMiddlewareTests" name="Delegated_mode_blocks_restricted_sales_purchases_reads" />
    </UnitTest>
    <UnitTest name="FactuTrust.API.Tests.PlatformApiIntegrationTests.Platform_migrations_with_tenant_administrator_jwt_returns_403" storage="c:\solution\factutrustcopy\src\backend\tests\factutrust.api.tests\bin\debug\net8.0\factutrust.api.tests.dll" id="3baf6ec9-ec88-389d-d556-f19aee94bddf">
      <Execution id="683ca403-9067-4b46-a821-0c5fcc1f8194" />
      <TestMethod codeBase="C:\Solution\FactuTrustCopy\src\Backend\tests\FactuTrust.API.Tests\bin\Debug\net8.0\FactuTrust.API.Tests.dll" adapterTypeName="executor://xunit/VsTestRunner2/netcoreapp" className="FactuTrust.API.Tests.PlatformApiIntegrationTests" name="Platform_migrations_with_tenant_administrator_jwt_returns_403" />
    </UnitTest>
    <UnitTest name="FactuTrust.API.Tests.ReplenishmentDtoSerializationTests.ReplenishmentKpiDto_RoundtripsTopUrgencies" storage="c:\solution\factutrustcopy\src\backend\tests\factutrust.api.tests\bin\debug\net8.0\factutrust.api.tests.dll" id="67eece9b-2257-b674-a09c-de3c64aa09ee">
      <Execution id="36806934-e48e-48f3-9a87-296232f8ee0d" />
      <TestMethod codeBase="C:\Solution\FactuTrustCopy\src\Backend\tests\FactuTrust.API.Tests\bin\Debug\net8.0\FactuTrust.API.Tests.dll" adapterTypeName="executor://xunit/VsTestRunner2/netcoreapp" className="FactuTrust.API.Tests.ReplenishmentDtoSerializationTests" name="ReplenishmentKpiDto_RoundtripsTopUrgencies" />
    </UnitTest>
    <UnitTest name="FactuTrust.API.Tests.WhatsAppBridgeOutboundSenderTests.EmptyInputs_ReturnFalse_WithoutCallingBridge(chatId: &quot;21612345678@c.us&quot;, text: &quot;&quot;)" storage="c:\solution\factutrustcopy\src\backend\tests\factutrust.api.tests\bin\debug\net8.0\factutrust.api.tests.dll" id="a4e360fd-6715-6345-188f-877e4348321d">
      <Execution id="a09c96f3-b157-4d40-880a-1ed651fe3bdf" />
      <TestMethod codeBase="C:\Solution\FactuTrustCopy\src\Backend\tests\FactuTrust.API.Tests\bin\Debug\net8.0\FactuTrust.API.Tests.dll" adapterTypeName="executor://xunit/VsTestRunner2/netcoreapp" className="FactuTrust.API.Tests.WhatsAppBridgeOutboundSenderTests" name="EmptyInputs_ReturnFalse_WithoutCallingBridge" />
    </UnitTest>
    <UnitTest name="FactuTrust.API.Tests.ForecastingControllerCreatePurchaseOrdersTests.CreatePurchaseOrders_WhenNoneCreatedBecauseNoSupplier_ReturnsExplicitGuidance" storage="c:\solution\factutrustcopy\src\backend\tests\factutrust.api.tests\bin\debug\net8.0\factutrust.api.tests.dll" id="5a52be61-bbd0-6528-014f-14e687ad372a">
      <Execution id="f1bd9518-f84e-4995-97e9-ddf876bbc2ac" />
      <TestMethod codeBase="C:\Solution\FactuTrustCopy\src\Backend\tests\FactuTrust.API.Tests\bin\Debug\net8.0\FactuTrust.API.Tests.dll" adapterTypeName="executor://xunit/VsTestRunner2/netcoreapp" className="FactuTrust.API.Tests.ForecastingControllerCreatePurchaseOrdersTests" name="CreatePurchaseOrders_WhenNoneCreatedBecauseNoSupplier_ReturnsExplicitGuidance" />
    </UnitTest>
    <UnitTest name="FactuTrust.API.Tests.PlatformBootstrapIntegrationTests.Platform_login_succeeds_when_bootstrap_credentials_configured" storage="c:\solution\factutrustcopy\src\backend\tests\factutrust.api.tests\bin\debug\net8.0\factutrust.api.tests.dll" id="89457381-3625-f926-7ea4-a237352d0818">
      <Execution id="d63c2081-8dd0-4b39-b04a-4d679d76e8d5" />
      <TestMethod codeBase="C:\Solution\FactuTrustCopy\src\Backend\tests\FactuTrust.API.Tests\bin\Debug\net8.0\FactuTrust.API.Tests.dll" adapterTypeName="executor://xunit/VsTestRunner2/netcoreapp" className="FactuTrust.API.Tests.PlatformBootstrapIntegrationTests" name="Platform_login_succeeds_when_bootstrap_credentials_configured" />
    </UnitTest>
    <UnitTest name="FactuTrust.API.Tests.DelegatedAccessMiddlewareTests.Delegated_mode_blocks_restricted_sales_purchases_reads(method: &quot;GET&quot;, path: &quot;/api/purchaseorders&quot;)" storage="c:\solution\factutrustcopy\src\backend\tests\factutrust.api.tests\bin\debug\net8.0\factutrust.api.tests.dll" id="ea3af14b-e610-45a1-e48d-99b17f5a0fef">
      <Execution id="37f5a0de-c7d3-4968-aaee-7124ae259414" />
      <TestMethod codeBase="C:\Solution\FactuTrustCopy\src\Backend\tests\FactuTrust.API.Tests\bin\Debug\net8.0\FactuTrust.API.Tests.dll" adapterTypeName="executor://xunit/VsTestRunner2/netcoreapp" className="FactuTrust.API.Tests.DelegatedAccessMiddlewareTests" name="Delegated_mode_blocks_restricted_sales_purchases_reads" />
    </UnitTest>
    <UnitTest name="FactuTrust.API.Tests.ForecastingControllerCreatePurchaseOrdersTests.CreatePurchaseOrders_WhenCreated_ReturnsCountMessage" storage="c:\solution\factutrustcopy\src\backend\tests\factutrust.api.tests\bin\debug\net8.0\factutrust.api.tests.dll" id="cee0f6f3-fe60-a370-5c6f-5894a93b78ed">
      <Execution id="aa54d36a-c749-4e93-ac5b-29aed4011154" />
      <TestMethod codeBase="C:\Solution\FactuTrustCopy\src\Backend\tests\FactuTrust.API.Tests\bin\Debug\net8.0\FactuTrust.API.Tests.dll" adapterTypeName="executor://xunit/VsTestRunner2/netcoreapp" className="FactuTrust.API.Tests.ForecastingControllerCreatePurchaseOrdersTests" name="CreatePurchaseOrders_WhenCreated_ReturnsCountMessage" />
    </UnitTest>
    <UnitTest name="FactuTrust.API.Tests.ForecastingControllerCreatePurchaseOrdersTests.CreatePurchaseOrders_WhenNoneCreatedAndNoUnlinked_ReturnsGenericMessage" storage="c:\solution\factutrustcopy\src\backend\tests\factutrust.api.tests\bin\debug\net8.0\factutrust.api.tests.dll" id="2983779b-f694-07a4-08d7-99ff5f375fa6">
      <Execution id="7cdafd67-b235-458f-9627-feffc8302b51" />
      <TestMethod codeBase="C:\Solution\FactuTrustCopy\src\Backend\tests\FactuTrust.API.Tests\bin\Debug\net8.0\FactuTrust.API.Tests.dll" adapterTypeName="executor://xunit/VsTestRunner2/netcoreapp" className="FactuTrust.API.Tests.ForecastingControllerCreatePurchaseOrdersTests" name="CreatePurchaseOrders_WhenNoneCreatedAndNoUnlinked_ReturnsGenericMessage" />
    </UnitTest>
    <UnitTest name="FactuTrust.API.Tests.DelegatedAccessMiddlewareTests.Delegated_mode_allows_firm_context_and_auth_session_writes(method: &quot;POST&quot;, path: &quot;/api/auth/logout&quot;)" storage="c:\solution\factutrustcopy\src\backend\tests\factutrust.api.tests\bin\debug\net8.0\factutrust.api.tests.dll" id="395755cc-5a4f-b4ad-aff2-5d53b1631fe9">
      <Execution id="b18dc4a9-7471-4709-bd9b-87496ed0efaf" />
      <TestMethod codeBase="C:\Solution\FactuTrustCopy\src\Backend\tests\FactuTrust.API.Tests\bin\Debug\net8.0\FactuTrust.API.Tests.dll" adapterTypeName="executor://xunit/VsTestRunner2/netcoreapp" className="FactuTrust.API.Tests.DelegatedAccessMiddlewareTests" name="Delegated_mode_allows_firm_context_and_auth_session_writes" />
    </UnitTest>
    <UnitTest name="FactuTrust.API.Tests.PurchaseOrderEnumSerializationTests.PurchaseOrderStatus_ShouldSerializeAsCamelCase" storage="c:\solution\factutrustcopy\src\backend\tests\factutrust.api.tests\bin\debug\net8.0\factutrust.api.tests.dll" id="523c19b1-e1e8-5064-59a4-dcd03d6888ea">
      <Execution id="094f283d-3132-4369-8ba3-a634de949528" />
      <TestMethod codeBase="C:\Solution\FactuTrustCopy\src\Backend\tests\FactuTrust.API.Tests\bin\Debug\net8.0\FactuTrust.API.Tests.dll" adapterTypeName="executor://xunit/VsTestRunner2/netcoreapp" className="FactuTrust.API.Tests.PurchaseOrderEnumSerializationTests" name="PurchaseOrderStatus_ShouldSerializeAsCamelCase" />
    </UnitTest>
    <UnitTest name="FactuTrust.API.Tests.ReplenishmentDtoSerializationTests.OverrideReplenishmentRequestDto_AllowsBothNulls" storage="c:\solution\factutrustcopy\src\backend\tests\factutrust.api.tests\bin\debug\net8.0\factutrust.api.tests.dll" id="98783cc3-4a6d-cbe2-f783-fe176e03c7df">
      <Execution id="86fa544f-bac0-4d05-b608-42d50e9c401d" />
      <TestMethod codeBase="C:\Solution\FactuTrustCopy\src\Backend\tests\FactuTrust.API.Tests\bin\Debug\net8.0\FactuTrust.API.Tests.dll" adapterTypeName="executor://xunit/VsTestRunner2/netcoreapp" className="FactuTrust.API.Tests.ReplenishmentDtoSerializationTests" name="OverrideReplenishmentRequestDto_AllowsBothNulls" />
    </UnitTest>
    <UnitTest name="FactuTrust.API.Tests.ReplenishmentDtoSerializationTests.ReplenishmentFiltersDto_DefaultsAreSafe" storage="c:\solution\factutrustcopy\src\backend\tests\factutrust.api.tests\bin\debug\net8.0\factutrust.api.tests.dll" id="5eb91f9e-0957-51c7-f951-c28a4cfeb9ed">
      <Execution id="062e0def-b601-4a7d-9416-3342cfba17df" />
      <TestMethod codeBase="C:\Solution\FactuTrustCopy\src\Backend\tests\FactuTrust.API.Tests\bin\Debug\net8.0\FactuTrust.API.Tests.dll" adapterTypeName="executor://xunit/VsTestRunner2/netcoreapp" className="FactuTrust.API.Tests.ReplenishmentDtoSerializationTests" name="ReplenishmentFiltersDto_DefaultsAreSafe" />
    </UnitTest>
    <UnitTest name="FactuTrust.API.Tests.DelegatedAccessMiddlewareTests.Delegated_mode_blocks_non_accounting_writes(method: &quot;POST&quot;, path: &quot;/api/firm/users&quot;)" storage="c:\solution\factutrustcopy\src\backend\tests\factutrust.api.tests\bin\debug\net8.0\factutrust.api.tests.dll" id="f76e3ced-3470-1317-22e9-4cf9cf05c563">
      <Execution id="4b0abe01-9ffa-498a-b8c7-f99b18840eaf" />
      <TestMethod codeBase="C:\Solution\FactuTrustCopy\src\Backend\tests\FactuTrust.API.Tests\bin\Debug\net8.0\FactuTrust.API.Tests.dll" adapterTypeName="executor://xunit/VsTestRunner2/netcoreapp" className="FactuTrust.API.Tests.DelegatedAccessMiddlewareTests" name="Delegated_mode_blocks_non_accounting_writes" />
    </UnitTest>
    <UnitTest name="FactuTrust.API.Tests.DelegatedAccessMiddlewareTests.Delegated_mode_allows_firm_context_and_auth_session_writes(method: &quot;POST&quot;, path: &quot;/api/auth/refresh&quot;)" storage="c:\solution\factutrustcopy\src\backend\tests\factutrust.api.tests\bin\debug\net8.0\factutrust.api.tests.dll" id="4e4bed2e-16d4-7efe-e50b-eb52eaf57184">
      <Execution id="9bf5c0b4-5750-46fd-9ee6-1cc69b380110" />
      <TestMethod codeBase="C:\Solution\FactuTrustCopy\src\Backend\tests\FactuTrust.API.Tests\bin\Debug\net8.0\FactuTrust.API.Tests.dll" adapterTypeName="executor://xunit/VsTestRunner2/netcoreapp" className="FactuTrust.API.Tests.DelegatedAccessMiddlewareTests" name="Delegated_mode_allows_firm_context_and_auth_session_writes" />
    </UnitTest>
    <UnitTest name="FactuTrust.API.Tests.PlatformAiSettingsSerializationTests.InferenceDevice_deserializes_from_pascal_case_string" storage="c:\solution\factutrustcopy\src\backend\tests\factutrust.api.tests\bin\debug\net8.0\factutrust.api.tests.dll" id="7709dcd5-0876-e4a6-d887-d8b0ee3bcf11">
      <Execution id="bf9da091-b142-4f70-9950-654c94365d87" />
      <TestMethod codeBase="C:\Solution\FactuTrustCopy\src\Backend\tests\FactuTrust.API.Tests\bin\Debug\net8.0\FactuTrust.API.Tests.dll" adapterTypeName="executor://xunit/VsTestRunner2/netcoreapp" className="FactuTrust.API.Tests.PlatformAiSettingsSerializationTests" name="InferenceDevice_deserializes_from_pascal_case_string" />
    </UnitTest>
    <UnitTest name="FactuTrust.API.Tests.PermissionAuthorizationHandlerTests.Fails_when_perm_claim_missing_for_requirement" storage="c:\solution\factutrustcopy\src\backend\tests\factutrust.api.tests\bin\debug\net8.0\factutrust.api.tests.dll" id="8a021de8-ff1f-ea9e-c081-9747a3c2e050">
      <Execution id="07e05a72-43d2-4280-a5ab-f16420aaf74a" />
      <TestMethod codeBase="C:\Solution\FactuTrustCopy\src\Backend\tests\FactuTrust.API.Tests\bin\Debug\net8.0\FactuTrust.API.Tests.dll" adapterTypeName="executor://xunit/VsTestRunner2/netcoreapp" className="FactuTrust.API.Tests.PermissionAuthorizationHandlerTests" name="Fails_when_perm_claim_missing_for_requirement" />
    </UnitTest>
    <UnitTest name="FactuTrust.API.Tests.DelegatedAccessMiddlewareTests.Delegated_mode_blocks_treasury_and_payment_writes(method: &quot;POST&quot;, path: &quot;/api/bankaccount&quot;)" storage="c:\solution\factutrustcopy\src\backend\tests\factutrust.api.tests\bin\debug\net8.0\factutrust.api.tests.dll" id="7203fb4d-eb27-399f-39b9-c59ceb9e46b6">
      <Execution id="82eda17c-1ae0-4c25-8b83-695ad322239b" />
      <TestMethod codeBase="C:\Solution\FactuTrustCopy\src\Backend\tests\FactuTrust.API.Tests\bin\Debug\net8.0\FactuTrust.API.Tests.dll" adapterTypeName="executor://xunit/VsTestRunner2/netcoreapp" className="FactuTrust.API.Tests.DelegatedAccessMiddlewareTests" name="Delegated_mode_blocks_treasury_and_payment_writes" />
    </UnitTest>
    <UnitTest name="FactuTrust.API.Tests.PlatformAiSettingsIntegrationTests.Platform_ai_settings_get_and_put_inference_device_roundtrip" storage="c:\solution\factutrustcopy\src\backend\tests\factutrust.api.tests\bin\debug\net8.0\factutrust.api.tests.dll" id="74e6301a-7b7b-8cb5-bf32-7a7fb3785fee">
      <Execution id="1f9508eb-7803-4081-a627-618d9af0f99d" />
      <TestMethod codeBase="C:\Solution\FactuTrustCopy\src\Backend\tests\FactuTrust.API.Tests\bin\Debug\net8.0\FactuTrust.API.Tests.dll" adapterTypeName="executor://xunit/VsTestRunner2/netcoreapp" className="FactuTrust.API.Tests.PlatformAiSettingsIntegrationTests" name="Platform_ai_settings_get_and_put_inference_device_roundtrip" />
    </UnitTest>
    <UnitTest name="FactuTrust.API.Tests.SupplierInvoiceEnumSerializationTests.SupplierInvoiceStatus_ShouldSerializeAsCamelCase" storage="c:\solution\factutrustcopy\src\backend\tests\factutrust.api.tests\bin\debug\net8.0\factutrust.api.tests.dll" id="63420a4d-5a95-ae15-42c6-3c3e4218331e">
      <Execution id="821d2bee-2ec8-4fdb-896b-3cf080db381c" />
      <TestMethod codeBase="C:\Solution\FactuTrustCopy\src\Backend\tests\FactuTrust.API.Tests\bin\Debug\net8.0\FactuTrust.API.Tests.dll" adapterTypeName="executor://xunit/VsTestRunner2/netcoreapp" className="FactuTrust.API.Tests.SupplierInvoiceEnumSerializationTests" name="SupplierInvoiceStatus_ShouldSerializeAsCamelCase" />
    </UnitTest>
    <UnitTest name="FactuTrust.API.Tests.PlatformAiSettingsSerializationTests.InferenceDevice_serializes_as_pascal_case_string" storage="c:\solution\factutrustcopy\src\backend\tests\factutrust.api.tests\bin\debug\net8.0\factutrust.api.tests.dll" id="35dd773b-0973-7d77-96b9-380e39b54987">
      <Execution id="40f8adaf-4513-40b9-a27a-97c23c6df22f" />
      <TestMethod codeBase="C:\Solution\FactuTrustCopy\src\Backend\tests\FactuTrust.API.Tests\bin\Debug\net8.0\FactuTrust.API.Tests.dll" adapterTypeName="executor://xunit/VsTestRunner2/netcoreapp" className="FactuTrust.API.Tests.PlatformAiSettingsSerializationTests" name="InferenceDevice_serializes_as_pascal_case_string" />
    </UnitTest>
    <UnitTest name="FactuTrust.API.Tests.DelegatedAccessMiddlewareTests.Delegated_mode_allows_firm_context_and_auth_session_writes(method: &quot;POST&quot;, path: &quot;/api/firm/context/clear&quot;)" storage="c:\solution\factutrustcopy\src\backend\tests\factutrust.api.tests\bin\debug\net8.0\factutrust.api.tests.dll" id="c7769443-88c7-f4c0-10e2-1763b5da30c2">
      <Execution id="4083cfaa-e58c-4a06-9080-cd9a156f315d" />
      <TestMethod codeBase="C:\Solution\FactuTrustCopy\src\Backend\tests\FactuTrust.API.Tests\bin\Debug\net8.0\FactuTrust.API.Tests.dll" adapterTypeName="executor://xunit/VsTestRunner2/netcoreapp" className="FactuTrust.API.Tests.DelegatedAccessMiddlewareTests" name="Delegated_mode_allows_firm_context_and_auth_session_writes" />
    </UnitTest>
    <UnitTest name="FactuTrust.API.Tests.WhatsAppBridgeOutboundSenderTests.EmptyInputs_ReturnFalse_WithoutCallingBridge(chatId: &quot;   &quot;, text: &quot;texte&quot;)" storage="c:\solution\factutrustcopy\src\backend\tests\factutrust.api.tests\bin\debug\net8.0\factutrust.api.tests.dll" id="d9186b6f-1647-a243-ce95-ca06f306e509">
      <Execution id="ba207c01-edd9-473f-8e32-ab79c91fd94b" />
      <TestMethod codeBase="C:\Solution\FactuTrustCopy\src\Backend\tests\FactuTrust.API.Tests\bin\Debug\net8.0\FactuTrust.API.Tests.dll" adapterTypeName="executor://xunit/VsTestRunner2/netcoreapp" className="FactuTrust.API.Tests.WhatsAppBridgeOutboundSenderTests" name="EmptyInputs_ReturnFalse_WithoutCallingBridge" />
    </UnitTest>
    <UnitTest name="FactuTrust.API.Tests.PermissionAuthorizationHandlerTests.Legacy_token_without_perm_claims_falls_back_to_role_matrix" storage="c:\solution\factutrustcopy\src\backend\tests\factutrust.api.tests\bin\debug\net8.0\factutrust.api.tests.dll" id="a6edd5d8-2360-ea11-ca49-b19732858345">
      <Execution id="c8538f56-13bd-4e7e-9727-eb963081b957" />
      <TestMethod codeBase="C:\Solution\FactuTrustCopy\src\Backend\tests\FactuTrust.API.Tests\bin\Debug\net8.0\FactuTrust.API.Tests.dll" adapterTypeName="executor://xunit/VsTestRunner2/netcoreapp" className="FactuTrust.API.Tests.PermissionAuthorizationHandlerTests" name="Legacy_token_without_perm_claims_falls_back_to_role_matrix" />
    </UnitTest>
    <UnitTest name="FactuTrust.API.Tests.DelegatedAccessMiddlewareTests.Delegated_mode_allows_accounting_routes(method: &quot;GET&quot;, path: &quot;/api/accounting/chart&quot;)" storage="c:\solution\factutrustcopy\src\backend\tests\factutrust.api.tests\bin\debug\net8.0\factutrust.api.tests.dll" id="96b8a9f2-fe51-d6dd-4cc4-3024c76f2bc7">
      <Execution id="c097c4ea-a4ec-440d-9738-37aa7d711540" />
      <TestMethod codeBase="C:\Solution\FactuTrustCopy\src\Backend\tests\FactuTrust.API.Tests\bin\Debug\net8.0\FactuTrust.API.Tests.dll" adapterTypeName="executor://xunit/VsTestRunner2/netcoreapp" className="FactuTrust.API.Tests.DelegatedAccessMiddlewareTests" name="Delegated_mode_allows_accounting_routes" />
    </UnitTest>
    <UnitTest name="FactuTrust.API.Tests.DelegatedAccessMiddlewareTests.Delegated_mode_allows_treasury_reads(method: &quot;GET&quot;, path: &quot;/api/bankaccount&quot;)" storage="c:\solution\factutrustcopy\src\backend\tests\factutrust.api.tests\bin\debug\net8.0\factutrust.api.tests.dll" id="dcd08d1d-22c1-150a-ba14-b672c67aedb6">
      <Execution id="3e519545-3d2d-4e72-bafb-cd1edc7ed836" />
      <TestMethod codeBase="C:\Solution\FactuTrustCopy\src\Backend\tests\FactuTrust.API.Tests\bin\Debug\net8.0\FactuTrust.API.Tests.dll" adapterTypeName="executor://xunit/VsTestRunner2/netcoreapp" className="FactuTrust.API.Tests.DelegatedAccessMiddlewareTests" name="Delegated_mode_allows_treasury_reads" />
    </UnitTest>
    <UnitTest name="FactuTrust.API.Tests.DelegatedAccessMiddlewareTests.Delegated_mode_allows_firm_context_and_auth_session_writes(method: &quot;GET&quot;, path: &quot;/api/firm/context&quot;)" storage="c:\solution\factutrustcopy\src\backend\tests\factutrust.api.tests\bin\debug\net8.0\factutrust.api.tests.dll" id="2689a468-2880-cbf6-1789-ca0849ff2aa4">
      <Execution id="cd5ea5f5-88c8-45e5-a07c-8a8f4e489aab" />
      <TestMethod codeBase="C:\Solution\FactuTrustCopy\src\Backend\tests\FactuTrust.API.Tests\bin\Debug\net8.0\FactuTrust.API.Tests.dll" adapterTypeName="executor://xunit/VsTestRunner2/netcoreapp" className="FactuTrust.API.Tests.DelegatedAccessMiddlewareTests" name="Delegated_mode_allows_firm_context_and_auth_session_writes" />
    </UnitTest>
    <UnitTest name="FactuTrust.API.Tests.DelegatedAccessMiddlewareTests.Delegated_mode_blocks_restricted_sales_purchases_reads(method: &quot;GET&quot;, path: &quot;/api/suppliers&quot;)" storage="c:\solution\factutrustcopy\src\backend\tests\factutrust.api.tests\bin\debug\net8.0\factutrust.api.tests.dll" id="e1f78b78-ee0d-105b-31c3-136c416923d7">
      <Execution id="746398c3-f2c0-4f10-b9a5-55a25caa1bb2" />
      <TestMethod codeBase="C:\Solution\FactuTrustCopy\src\Backend\tests\FactuTrust.API.Tests\bin\Debug\net8.0\FactuTrust.API.Tests.dll" adapterTypeName="executor://xunit/VsTestRunner2/netcoreapp" className="FactuTrust.API.Tests.DelegatedAccessMiddlewareTests" name="Delegated_mode_blocks_restricted_sales_purchases_reads" />
    </UnitTest>
    <UnitTest name="FactuTrust.API.Tests.DelegatedAccessMiddlewareTests.Delegated_mode_blocks_treasury_and_payment_writes(method: &quot;POST&quot;, path: &quot;/api/invoices/00000000-0000-0000-0000-000000000001&quot;···)" storage="c:\solution\factutrustcopy\src\backend\tests\factutrust.api.tests\bin\debug\net8.0\factutrust.api.tests.dll" id="60b909a7-35e8-ed8f-1c3f-bf37a4ef165e">
      <Execution id="5330b271-cf78-4ae3-b586-4100c6f7f6d9" />
      <TestMethod codeBase="C:\Solution\FactuTrustCopy\src\Backend\tests\FactuTrust.API.Tests\bin\Debug\net8.0\FactuTrust.API.Tests.dll" adapterTypeName="executor://xunit/VsTestRunner2/netcoreapp" className="FactuTrust.API.Tests.DelegatedAccessMiddlewareTests" name="Delegated_mode_blocks_treasury_and_payment_writes" />
    </UnitTest>
  </TestDefinitions>
  <TestEntries>
    <TestEntry testId="74e6301a-7b7b-8cb5-bf32-7a7fb3785fee" executionId="1f9508eb-7803-4081-a627-618d9af0f99d" testListId="8c84fa94-04c1-424b-9868-57a2d4851a1d" />
    <TestEntry testId="63420a4d-5a95-ae15-42c6-3c3e4218331e" executionId="821d2bee-2ec8-4fdb-896b-3cf080db381c" testListId="8c84fa94-04c1-424b-9868-57a2d4851a1d" />
    <TestEntry testId="b5dac335-5591-4daa-3206-59914370b0bc" executionId="49927aba-7511-4f39-8ee1-2a7bd6c46279" testListId="8c84fa94-04c1-424b-9868-57a2d4851a1d" />
    <TestEntry testId="30a9ad11-5675-1e5a-21f7-0098123f6302" executionId="82344257-94a3-492f-85f7-001ddee9f8f2" testListId="8c84fa94-04c1-424b-9868-57a2d4851a1d" />
    <TestEntry testId="177284b3-28d2-754c-da4c-93a6837e1ae0" executionId="1daf9bde-7a3d-43d9-8a50-95c829c543d1" testListId="8c84fa94-04c1-424b-9868-57a2d4851a1d" />
    <TestEntry testId="980fbcc2-21f6-fb23-7e95-2dd4a17f0a8d" executionId="4ecc366b-689a-45b1-83a9-8624c0451321" testListId="8c84fa94-04c1-424b-9868-57a2d4851a1d" />
    <TestEntry testId="523c19b1-e1e8-5064-59a4-dcd03d6888ea" executionId="094f283d-3132-4369-8ba3-a634de949528" testListId="8c84fa94-04c1-424b-9868-57a2d4851a1d" />
    <TestEntry testId="3baf6ec9-ec88-389d-d556-f19aee94bddf" executionId="683ca403-9067-4b46-a821-0c5fcc1f8194" testListId="8c84fa94-04c1-424b-9868-57a2d4851a1d" />
    <TestEntry testId="c838a0e9-4aa0-5e7f-3b45-eca4391339de" executionId="995c44ad-9c5d-4126-a922-80bb0e6d46b6" testListId="8c84fa94-04c1-424b-9868-57a2d4851a1d" />
    <TestEntry testId="da7c970b-f2ac-7557-6691-5364869c9db0" executionId="5a138c07-4ef3-4772-8911-0170555ddba4" testListId="8c84fa94-04c1-424b-9868-57a2d4851a1d" />
    <TestEntry testId="c7769443-88c7-f4c0-10e2-1763b5da30c2" executionId="4083cfaa-e58c-4a06-9080-cd9a156f315d" testListId="8c84fa94-04c1-424b-9868-57a2d4851a1d" />
    <TestEntry testId="a4e360fd-6715-6345-188f-877e4348321d" executionId="a09c96f3-b157-4d40-880a-1ed651fe3bdf" testListId="8c84fa94-04c1-424b-9868-57a2d4851a1d" />
    <TestEntry testId="e1f78b78-ee0d-105b-31c3-136c416923d7" executionId="746398c3-f2c0-4f10-b9a5-55a25caa1bb2" testListId="8c84fa94-04c1-424b-9868-57a2d4851a1d" />
    <TestEntry testId="fd1b6034-c6c9-d474-5a81-84e8ed432741" executionId="ca88bcb7-7529-464f-86a1-4db4213291ac" testListId="8c84fa94-04c1-424b-9868-57a2d4851a1d" />
    <TestEntry testId="67eece9b-2257-b674-a09c-de3c64aa09ee" executionId="36806934-e48e-48f3-9a87-296232f8ee0d" testListId="8c84fa94-04c1-424b-9868-57a2d4851a1d" />
[...]
[13:15:31 INF] Executed DbCommand (1ms) [Parameters=[@__tenantId_0='?' (DbType = Guid)], CommandType='Text', CommandTimeout='30']&#xD;
SELECT TOP(1) [t].[Id], [t].[CreatedAt], [t].[EncryptedConnectionString], [t].[TenantId], [t].[UpdatedAt]&#xD;
FROM [TenantConnectionStrings] AS [t]&#xD;
WHERE [t].[TenantId] = @__tenantId_0&#xD;
[13:15:31 DBG] Tenant 369f39ec-6c9c-4491-98af-dfe91d1dfe3b already has migrations applied, skipping&#xD;
[13:15:31 INF] Executed DbCommand (0ms) [Parameters=[@__tenantId_0='?' (DbType = Guid)], CommandType='Text', CommandTimeout='30']&#xD;
SELECT TOP(1) [t].[Id], [t].[CreatedAt], [t].[EncryptedConnectionString], [t].[TenantId], [t].[UpdatedAt]&#xD;
FROM [TenantConnectionStrings] AS [t]&#xD;
WHERE [t].[TenantId] = @__tenantId_0&#xD;
[13:15:31 DBG] Tenant b3151b3f-2fb9-4260-8e16-e15b91b047e5 already has migrations applied, skipping&#xD;
[13:15:31 INF] Executed DbCommand (1ms) [Parameters=[@__tenantId_0='?' (DbType = Guid)], CommandType='Text', CommandTimeout='30']&#xD;
SELECT TOP(1) [t].[Id], [t].[CreatedAt], [t].[EncryptedConnectionString], [t].[TenantId], [t].[UpdatedAt]&#xD;
FROM [TenantConnectionStrings] AS [t]&#xD;
WHERE [t].[TenantId] = @__tenantId_0&#xD;
[13:15:31 DBG] Tenant bdf29a70-b4d2-4818-9fb3-e4a6bb536e68 already has migrations applied, skipping&#xD;
[13:15:31 INF] Executed DbCommand (0ms) [Parameters=[@__tenantId_0='?' (DbType = Guid)], CommandType='Text', CommandTimeout='30']&#xD;
SELECT TOP(1) [t].[Id], [t].[CreatedAt], [t].[EncryptedConnectionString], [t].[TenantId], [t].[UpdatedAt]&#xD;
FROM [TenantConnectionStrings] AS [t]&#xD;
WHERE [t].[TenantId] = @__tenantId_0&#xD;
[13:15:31 DBG] Tenant 1d5f93bf-108e-4d08-bc94-e6df46b87238 already has migrations applied, skipping&#xD;
[13:15:31 INF] Executed DbCommand (0ms) [Parameters=[@__tenantId_0='?' (DbType = Guid)], CommandType='Text', CommandTimeout='30']&#xD;
SELECT TOP(1) [t].[Id], [t].[CreatedAt], [t].[EncryptedConnectionString], [t].[TenantId], [t].[UpdatedAt]&#xD;
FROM [TenantConnectionStrings] AS [t]&#xD;
WHERE [t].[TenantId] = @__tenantId_0&#xD;
[13:15:31 DBG] Tenant 23f25378-f060-4d8e-aa1c-e7bd4aa9fbfd already has migrations applied, skipping&#xD;
[13:15:31 INF] Executed DbCommand (0ms) [Parameters=[@__tenantId_0='?' (DbType = Guid)], CommandType='Text', CommandTimeout='30']&#xD;
SELECT TOP(1) [t].[Id], [t].[CreatedAt], [t].[EncryptedConnectionString], [t].[TenantId], [t].[UpdatedAt]&#xD;
FROM [TenantConnectionStrings] AS [t]&#xD;
WHERE [t].[TenantId] = @__tenantId_0&#xD;
[13:15:31 DBG] Tenant 4ebc9447-adde-4bd5-8233-eac76435505d already has migrations applied, skipping&#xD;
[13:15:31 INF] Executed DbCommand (0ms) [Parameters=[@__tenantId_0='?' (DbType = Guid)], CommandType='Text', CommandTimeout='30']&#xD;
SELECT TOP(1) [t].[Id], [t].[CreatedAt], [t].[EncryptedConnectionString], [t].[TenantId], [t].[UpdatedAt]&#xD;
FROM [TenantConnectionStrings] AS [t]&#xD;
WHERE [t].[TenantId] = @__tenantId_0&#xD;
[13:15:31 DBG] Tenant 3ac556cb-103a-4893-9ba1-ee5994e65573 already has migrations applied, skipping&#xD;
[13:15:31 INF] Executed DbCommand (0ms) [Parameters=[@__tenantId_0='?' (DbType = Guid)], CommandType='Text', CommandTimeout='30']&#xD;
SELECT TOP(1) [t].[Id], [t].[CreatedAt], [t].[EncryptedConnectionString], [t].[TenantId], [t].[UpdatedAt]&#xD;
FROM [TenantConnectionStrings] AS [t]&#xD;
WHERE [t].[TenantId] = @__tenantId_0&#xD;
[13:15:31 DBG] Tenant 9c1a9d3f-dabb-478f-b640-ef86975edc09 already has migrations applied, skipping&#xD;
[13:15:31 INF] Executed DbCommand (0ms) [Parameters=[@__tenantId_0='?' (DbType = Guid)], CommandType='Text', CommandTimeout='30']&#xD;
SELECT TOP(1) [t].[Id], [t].[CreatedAt], [t].[EncryptedConnectionString], [t].[TenantId], [t].[UpdatedAt]&#xD;
FROM [TenantConnectionStrings] AS [t]&#xD;
WHERE [t].[TenantId] = @__tenantId_0&#xD;
[13:15:31 DBG] Tenant e1ba7b05-e47c-44f5-a122-efc2a74bc9a8 already has migrations applied, skipping&#xD;
[13:15:31 INF] Executed DbCommand (0ms) [Parameters=[@__tenantId_0='?' (DbType = Guid)], CommandType='Text', CommandTimeout='30']&#xD;
SELECT TOP(1) [t].[Id], [t].[CreatedAt], [t].[EncryptedConnectionString], [t].[TenantId], [t].[UpdatedAt]&#xD;
FROM [TenantConnectionStrings] AS [t]&#xD;
WHERE [t].[TenantId] = @__tenantId_0&#xD;
[13:15:31 DBG] Tenant 504a2be9-0127-4b8f-8766-f09bae2e1c7e already has migrations applied, skipping&#xD;
[13:15:31 INF] Executed DbCommand (0ms) [Parameters=[@__tenantId_0='?' (DbType = Guid)], CommandType='Text', CommandTimeout='30']&#xD;
SELECT TOP(1) [t].[Id], [t].[CreatedAt], [t].[EncryptedConnectionString], [t].[TenantId], [t].[UpdatedAt]&#xD;
FROM [TenantConnectionStrings] AS [t]&#xD;
WHERE [t].[TenantId] = @__tenantId_0&#xD;
[13:15:31 DBG] Tenant 374e4068-d01d-439c-a66d-f18e0fa43615 already has migrations applied, skipping&#xD;
[13:15:31 INF] Executed DbCommand (0ms) [Parameters=[@__tenantId_0='?' (DbType = Guid)], CommandType='Text', CommandTimeout='30']&#xD;
SELECT TOP(1) [t].[Id], [t].[CreatedAt], [t].[EncryptedConnectionString], [t].[TenantId], [t].[UpdatedAt]&#xD;
FROM [TenantConnectionStrings] AS [t]&#xD;
WHERE [t].[TenantId] = @__tenantId_0&#xD;
[13:15:31 DBG] Tenant 0bc16969-6207-43f2-839d-f4e34851094b already has migrations applied, skipping&#xD;
[13:15:31 INF] Executed DbCommand (0ms) [Parameters=[@__tenantId_0='?' (DbType = Guid)], CommandType='Text', CommandTimeout='30']&#xD;
SELECT TOP(1) [t].[Id], [t].[CreatedAt], [t].[EncryptedConnectionString], [t].[TenantId], [t].[UpdatedAt]&#xD;
FROM [TenantConnectionStrings] AS [t]&#xD;
WHERE [t].[TenantId] = @__tenantId_0&#xD;
[13:15:31 DBG] Tenant 3bbc709e-8c5b-4d9e-8173-f7c33eecf53e already has migrations applied, skipping&#xD;
[13:15:31 INF] Tenant migrations completed. Applied: 0, Skipped: 54, Failures: 0, Total: 54&#xD;
[13:15:31 INF] InstaFact API starting...&#xD;
[13:15:31 INF] OCR Tesseract disponible pour l'import de documents scann�s et images.&#xD;
[13:15:31 INF] Ollama keep-alive service started: interval=10m keep_alive=60m&#xD;
[13:15:31 INF] Hangfire recurring job 'cleanup-old-failed-logins' registered.&#xD;
[13:15:31 INF] Executed DbCommand (1ms) [Parameters=[], CommandType='Text', CommandTimeout='30']&#xD;
SELECT DISTINCT [s].[TenantId]&#xD;
FROM [StorefrontProfiles] AS [s]&#xD;
WHERE [s].[Status] IN (2, 3)&#xD;
[13:15:31 INF] Executed DbCommand (0ms) [Parameters=[@__tenantId_0='?' (DbType = Guid)], CommandType='Text', CommandTimeout='30']&#xD;
SELECT TOP(1) [t].[Id], [t].[CreatedAt], [t].[EncryptedConnectionString], [t].[TenantId], [t].[UpdatedAt]&#xD;
FROM [TenantConnectionStrings] AS [t]&#xD;
WHERE [t].[TenantId] = @__tenantId_0&#xD;
[13:15:31 INF] Hangfire recurring job 'expire-module-overrides' registered.&#xD;
[13:15:31 INF] Hangfire recurring job 'renewal-scan' registered.&#xD;
[13:15:31 INF] Executed DbCommand (0ms) [Parameters=[@__tenantId_0='?' (DbType = Guid)], CommandType='Text', CommandTimeout='30']&#xD;
SELECT TOP(1) [t].[Id], [t].[CreatedAt], [t].[EncryptedConnectionString], [t].[TenantId], [t].[UpdatedAt]&#xD;
FROM [TenantConnectionStrings] AS [t]&#xD;
WHERE [t].[TenantId] = @__tenantId_0&#xD;
[13:15:31 INF] Hangfire recurring job 'dunning-executor' registered.&#xD;
[13:15:31 INF] Hangfire recurring job 'ai-export-cleanup' registered.&#xD;
[13:15:31 INF] Executed DbCommand (0ms) [Parameters=[@__tenantId_0='?' (DbType = Guid)], CommandType='Text', CommandTimeout='30']&#xD;
SELECT TOP(1) [t].[Id], [t].[CreatedAt], [t].[EncryptedConnectionString], [t].[TenantId], [t].[UpdatedAt]&#xD;
FROM [TenantConnectionStrings] AS [t]&#xD;
WHERE [t].[TenantId] = @__tenantId_0&#xD;
[13:15:31 INF] Hangfire recurring job 'recurring-journal-entries' registered.&#xD;
[13:15:31 INF] Hangfire recurring job 'fiscal-reminders' registered.&#xD;
[13:15:31 INF] All Hangfire recurring jobs registered.&#xD;
[13:15:31 INF] Pont WhatsApp : d�marrage automatique.&#xD;
[13:15:31 WRN] Pont WhatsApp : node_modules absent dans C:\Solution\FactuTrustCopy\src\Backend\tests\FactuTrust.API.Tests\bin\Debug\net8.0\WhatsAppBridge. Ex�cutez `npm ci`.&#xD;
[13:15:31 INF] Executed DbCommand (1ms) [Parameters=[@__tenantId_0='?' (DbType = Guid)], CommandType='Text', CommandTimeout='30']&#xD;
SELECT TOP(1) [t].[Id], [t].[CreatedAt], [t].[EncryptedConnectionString], [t].[TenantId], [t].[UpdatedAt]&#xD;
FROM [TenantConnectionStrings] AS [t]&#xD;
WHERE [t].[TenantId] = @__tenantId_0&#xD;
[13:15:31 INF] Executed DbCommand (1ms) [Parameters=[@__tenantId_0='?' (DbType = Guid)], CommandType='Text', CommandTimeout='30']&#xD;
SELECT TOP(1) [t].[Id], [t].[CreatedAt], [t].[EncryptedConnectionString], [t].[TenantId], [t].[UpdatedAt]&#xD;
FROM [TenantConnectionStrings] AS [t]&#xD;
WHERE [t].[TenantId] = @__tenantId_0&#xD;
[13:15:31 INF] Executed DbCommand (2ms) [Parameters=[@__tenantId_0='?' (DbType = Guid)], CommandType='Text', CommandTimeout='30']&#xD;
SELECT TOP(1) [t].[Id], [t].[CreatedAt], [t].[EncryptedConnectionString], [t].[TenantId], [t].[UpdatedAt]&#xD;
FROM [TenantConnectionStrings] AS [t]&#xD;
WHERE [t].[TenantId] = @__tenantId_0&#xD;
[13:15:31 INF] Starting Hangfire Server using job storage: 'SQL Server: (localdb)\MSSQLLocalDB@FactuTrust_Master'&#xD;
[13:15:31 INF] Using the following options for SQL Server job storage: Queue poll interval: 00:00:00.&#xD;
[13:15:31 INF] Using the following options for Hangfire Server:&#xD;
    Worker count: 16&#xD;
    Listening queues: 'default', 'critical', 'low'&#xD;
    Shutdown timeout: 00:00:15&#xD;
    Schedule polling interval: 00:00:15&#xD;
[13:15:31 INF] Executed DbCommand (0ms) [Parameters=[@__tenantId_0='?' (DbType = Guid)], CommandType='Text', CommandTimeout='30']&#xD;
SELECT TOP(1) [t].[Id], [t].[CreatedAt], [t].[EncryptedConnectionString], [t].[TenantId], [t].[UpdatedAt]&#xD;
FROM [TenantConnectionStrings] AS [t]&#xD;
WHERE [t].[TenantId] = @__tenantId_0&#xD;
[13:15:31 INF] Executed DbCommand (1ms) [Parameters=[@__tenantId_0='?' (DbType = Guid)], CommandType='Text', CommandTimeout='30']&#xD;
SELECT TOP(1) [t].[Id], [t].[CreatedAt], [t].[EncryptedConnectionString], [t].[TenantId], [t].[UpdatedAt]&#xD;
FROM [TenantConnectionStrings] AS [t]&#xD;
WHERE [t].[TenantId] = @__tenantId_0&#xD;
[13:15:31 INF] Server factutrust-desktop-ouof4d0:30880:61a8d381 successfully announced in 1.2083 ms&#xD;
[13:15:31 INF] Server factutrust-desktop-ouof4d0:30880:61a8d381 is starting the registered dispatchers: ServerWatchdog, ServerJobCancellationWatcher, ExpirationManager, CountersAggregator, SqlServerHeartbeatProcess, Worker, DelayedJobScheduler, RecurringJobScheduler...&#xD;
[13:15:31 INF] Executed DbCommand (2ms) [Parameters=[@__tenantId_0='?' (DbType = Guid)], CommandType='Text', CommandTimeout='30']&#xD;
SELECT TOP(1) [t].[Id], [t].[CreatedAt], [t].[EncryptedConnectionString], [t].[TenantId], [t].[UpdatedAt]&#xD;
FROM [TenantConnectionStrings] AS [t]&#xD;
WHERE [t].[TenantId] = @__tenantId_0&#xD;
[13:15:31 INF] Executed DbCommand (1ms) [Parameters=[@__tenantId_0='?' (DbType = Guid)], CommandType='Text', CommandTimeout='30']&#xD;
SELECT TOP(1) [t].[Id], [t].[CreatedAt], [t].[EncryptedConnectionString], [t].[TenantId], [t].[UpdatedAt]&#xD;
FROM [TenantConnectionStrings] AS [t]&#xD;
WHERE [t].[TenantId] = @__tenantId_0&#xD;
[13:15:31 WRN] Failed to determine the https port for redirect.&#xD;
[13:15:31 INF] Server factutrust-desktop-ouof4d0:30880:61a8d381 all the dispatchers started&#xD;
[13:15:31 INF] Executed DbCommand (1ms) [Parameters=[@__normalizedEmail_0='?' (Size = 256)], CommandType='Text', CommandTimeout='30']&#xD;
SELECT TOP(2) [u].[Id], [u].[AccessFailedCount], [u].[ConcurrencyStamp], [u].[CreatedAt], [u].[Email], [u].[EmailConfirmed], [u].[FirstName], [u].[IsActive], [u].[LastLoginAt], [u].[LastName], [u].[LockoutEnabled], [u].[LockoutEnd], [u].[NormalizedEmail], [u].[NormalizedUserName], [u].[PasswordHash], [u].[PhoneNumber], [u].[PhoneNumberConfirmed], [u].[RefreshToken], [u].[RefreshTokenExpiryTime], [u].[SecurityStamp], [u].[TenantId], [u].[TwoFactorEnabled], [u].[UserName]&#xD;
FROM [Users] AS [u]&#xD;
WHERE [u].[NormalizedEmail] = @__normalizedEmail_0&#xD;
[13:15:31 INF] Executed DbCommand (0ms) [Parameters=[@__userId_0='?' (DbType = Guid)], CommandType='Text', CommandTimeout='30']&#xD;
SELECT [r].[Name]&#xD;
FROM [UserRoles] AS [u]&#xD;
INNER JOIN [Roles] AS [r] ON [u].[RoleId] = [r].[Id]&#xD;
WHERE [u].[UserId] = @__userId_0&#xD;
[13:15:32 INF] Executed DbCommand (1ms) [Parameters=[@__userId_0='?' (DbType = Guid)], CommandType='Text', CommandTimeout='30']&#xD;
SELECT TOP(1) [p].[Id], [p].[CreatedAt], [p].[CreatedBy], [p].[FailedMfaAttempts], [p].[MfaConfirmedAt], [p].[MfaLockoutUntil], [p].[MfaSecretEncrypted], [p].[RecoveryCodesJson], [p].[UpdatedAt], [p].[UpdatedBy], [p].[UserId]&#xD;
FROM [PlatformAdminProfiles] AS [p]&#xD;
WHERE [p].[UserId] = @__userId_0&#xD;
[13:15:32 INF] Executed DbCommand (1ms) [Parameters=[@__normalizedUserName_0='?' (Size = 256)], CommandType='Text', CommandTimeout='30']&#xD;
SELECT TOP(1) [u].[Id], [u].[AccessFailedCount], [u].[ConcurrencyStamp], [u].[CreatedAt], [u].[Email], [u].[EmailConfirmed], [u].[FirstName], [u].[IsActive], [u].[LastLoginAt], [u].[LastName], [u].[LockoutEnabled], [u].[LockoutEnd], [u].[NormalizedEmail], [u].[NormalizedUserName], [u].[PasswordHash], [u].[PhoneNumber], [u].[PhoneNumberConfirmed], [u].[RefreshToken], [u].[RefreshTokenExpiryTime], [u].[SecurityStamp], [u].[TenantId], [u].[TwoFactorEnabled], [u].[UserName]&#xD;
FROM [Users] AS [u]&#xD;
WHERE [u].[NormalizedUserName] = @__normalizedUserName_0&#xD;
[13:15:32 INF] Executed DbCommand (0ms) [Parameters=[@__normalizedEmail_0='?' (Size = 256)], CommandType='Text', CommandTimeout='30']&#xD;
SELECT TOP(2) [u].[Id], [u].[AccessFailedCount], [u].[ConcurrencyStamp], [u].[CreatedAt], [u].[Email], [u].[EmailConfirmed], [u].[FirstName], [u].[IsActive], [u].[LastLoginAt], [u].[LastName], [u].[LockoutEnabled], [u].[LockoutEnd], [u].[NormalizedEmail], [u].[NormalizedUserName], [u].[PasswordHash], [u].[PhoneNumber], [u].[PhoneNumberConfirmed], [u].[RefreshToken], [u].[RefreshTokenExpiryTime], [u].[SecurityStamp], [u].[TenantId], [u].[TwoFactorEnabled], [u].[UserName]&#xD;
FROM [Users] AS [u]&#xD;
WHERE [u].[NormalizedEmail] = @__normalizedEmail_0&#xD;
[13:15:32 INF] Executed DbCommand (8ms) [Parameters=[@p22='?' (DbType = Guid), @p0='?' (DbType = Int32), @p1='?' (Size = 4000), @p23='?' (Size = 4000), @p2='?' (DbType = DateTime2), @p3='?' (Size = 256), @p4='?' (DbType = Boolean), @p5='?' (Size = 100), @p6='?' (DbType = Boolean), @p7='?' (DbType = DateTime2), @p8='?' (Size = 100), @p9='?' (DbType = Boolean), @p10='?' (DbType = DateTimeOffset), @p11='?' (Size = 256), @p12='?' (Size = 256), @p13='?' (Size = 4000), @p14='?' (Size = 4000), @p15='?' (DbType = Boolean), @p16='?' (Size = 4000), @p17='?' (DbType = DateTime2), @p18='?' (Size = 4000), @p19='?' (DbType = Guid), @p20='?' (DbType = Boolean), @p21='?' (Size = 256)], CommandType='Text', CommandTimeout='30']&#xD;
SET IMPLICIT_TRANSACTIONS OFF;&#xD;
SET NOCOUNT ON;&#xD;
UPDATE [Users] SET [AccessFailedCount] = @p0, [ConcurrencyStamp] = @p1, [CreatedAt] = @p2, [Email] = @p3, [EmailConfirmed] = @p4, [FirstName] = @p5, [IsActive] = @p6, [LastLoginAt] = @p7, [LastName] = @p8, [LockoutEnabled] = @p9, [LockoutEnd] = @p10, [NormalizedEmail] = @p11, [NormalizedUserName] = @p12, [PasswordHash] = @p13, [PhoneNumber] = @p14, [PhoneNumberConfirmed] = @p15, [RefreshToken] = @p16, [RefreshTokenExpiryTime] = @p17, [SecurityStamp] = @p18, [TenantId] = @p19, [TwoFactorEnabled] = @p20, [UserName] = @p21&#xD;
OUTPUT 1&#xD;
WHERE [Id] = @p22 AND [ConcurrencyStamp] = @p23;&#xD;
[13:15:32 INF] Executed DbCommand (1ms) [Parameters=[@__normalizedUserName_0='?' (Size = 256)], CommandType='Text', CommandTimeout='30']&#xD;
SELECT TOP(1) [u].[Id], [u].[AccessFailedCount], [u].[ConcurrencyStamp], [u].[CreatedAt], [u].[Email], [u].[EmailConfirmed], [u].[FirstName], [u].[IsActive], [u].[LastLoginAt], [u].[LastName], [u].[LockoutEnabled], [u].[LockoutEnd], [u].[NormalizedEmail], [u].[NormalizedUserName], [u].[PasswordHash], [u].[PhoneNumber], [u].[PhoneNumberConfirmed], [u].[RefreshToken], [u].[RefreshTokenExpiryTime], [u].[SecurityStamp], [u].[TenantId], [u].[TwoFactorEnabled], [u].[UserName]&#xD;
FROM [Users] AS [u]&#xD;
WHERE [u].[NormalizedUserName] = @__normalizedUserName_0&#xD;
[13:15:32 INF] Executed DbCommand (0ms) [Parameters=[@__normalizedEmail_0='?' (Size = 256)], CommandType='Text', CommandTimeout='30']&#xD;
SELECT TOP(2) [u].[Id], [u].[AccessFailedCount], [u].[ConcurrencyStamp], [u].[CreatedAt], [u].[Email], [u].[EmailConfirmed], [u].[FirstName], [u].[IsActive], [u].[LastLoginAt], [u].[LastName], [u].[LockoutEnabled], [u].[LockoutEnd], [u].[NormalizedEmail], [u].[NormalizedUserName], [u].[PasswordHash], [u].[PhoneNumber], [u].[PhoneNumberConfirmed], [u].[RefreshToken], [u].[RefreshTokenExpiryTime], [u].[SecurityStamp], [u].[TenantId], [u].[TwoFactorEnabled], [u].[UserName]&#xD;
FROM [Users] AS [u]&#xD;
WHERE [u].[NormalizedEmail] = @__normalizedEmail_0&#xD;
[13:15:32 INF] Executed DbCommand (1ms) [Parameters=[@p22='?' (DbType = Guid), @p0='?' (DbType = Int32), @p1='?' (Size = 4000), @p23='?' (Size = 4000), @p2='?' (DbType = DateTime2), @p3='?' (Size = 256), @p4='?' (DbType = Boolean), @p5='?' (Size = 100), @p6='?' (DbType = Boolean), @p7='?' (DbType = DateTime2), @p8='?' (Size = 100), @p9='?' (DbType = Boolean), @p10='?' (DbType = DateTimeOffset), @p11='?' (Size = 256), @p12='?' (Size = 256), @p13='?' (Size = 4000), @p14='?' (Size = 4000), @p15='?' (DbType = Boolean), @p16='?' (Size = 4000), @p17='?' (DbType = DateTime2), @p18='?' (Size = 4000), @p19='?' (DbType = Guid), @p20='?' (DbType = Boolean), @p21='?' (Size = 256)], CommandType='Text', CommandTimeout='30']&#xD;
SET IMPLICIT_TRANSACTIONS OFF;&#xD;
SET NOCOUNT ON;&#xD;
UPDATE [Users] SET [AccessFailedCount] = @p0, [ConcurrencyStamp] = @p1, [CreatedAt] = @p2, [Email] = @p3, [EmailConfirmed] = @p4, [FirstName] = @p5, [IsActive] = @p6, [LastLoginAt] = @p7, [LastName] = @p8, [LockoutEnabled] = @p9, [LockoutEnd] = @p10, [NormalizedEmail] = @p11, [NormalizedUserName] = @p12, [PasswordHash] = @p13, [PhoneNumber] = @p14, [PhoneNumberConfirmed] = @p15, [RefreshToken] = @p16, [RefreshTokenExpiryTime] = @p17, [SecurityStamp] = @p18, [TenantId] = @p19, [TwoFactorEnabled] = @p20, [UserName] = @p21&#xD;
OUTPUT 1&#xD;
WHERE [Id] = @p22 AND [ConcurrencyStamp] = @p23;&#xD;
[13:15:32 INF] Executed DbCommand (1ms) [Parameters=[@p0='?' (DbType = Guid), @p1='?' (DbType = DateTime2), @p2='?' (Size = 4000), @p3='?' (DbType = DateTime2), @p4='?' (Size = 45), @p5='?' (DbType = DateTime2), @p6='?' (DbType = Guid), @p7='?' (DbType = DateTime2), @p8='?' (Size = 128), @p9='?' (Size = 300), @p10='?' (DbType = DateTime2), @p11='?' (DbType = Guid), @p12='?' (DbType = Guid), @p13='?' (DbType = DateTime2), @p14='?' (Size = 4000), @p15='?' (Size = 500), @p16='?' (DbType = Guid)], CommandType='Text', CommandTimeout='30']&#xD;
SET IMPLICIT_TRANSACTIONS OFF;&#xD;
SET NOCOUNT ON;&#xD;
INSERT INTO [UserSessions] ([Id], [CreatedAt], [CreatedBy], [ExpiresAt], [IpAddress], [IssuedAt], [JwtId], [LastUsedAt], [RefreshTokenHash], [RevocationReason], [RevokedAt], [RevokedByUserId], [TenantId], [UpdatedAt], [UpdatedBy], [UserAgent], [UserId])&#xD;
VALUES (@p0, @p1, @p2, @p3, @p4, @p5, @p6, @p7, @p8, @p9, @p10, @p11, @p12, @p13, @p14, @p15, @p16);&#xD;
[13:15:32 INF] Platform user bootstrap-platform-test@factutrust.local logged in successfully with roles [PlatformAdmin]&#xD;
[13:15:32 INF] Server factutrust-desktop-ouof4d0:30880:61a8d381 caught stopping signal...&#xD;
[13:15:32 INF] Server factutrust-desktop-ouof4d0:30880:61a8d381 All dispatchers stopped&#xD;
[13:15:32 INF] Server factutrust-desktop-ouof4d0:30880:61a8d381 successfully reported itself as stopped in 1.0181 ms&#xD;
[13:15:32 INF] Server factutrust-desktop-ouof4d0:30880:61a8d381 has been stopped in total 5.533 ms&#xD;
[xUnit.net 00:00:22.33]   Finished:    FactuTrust.API.Tests&#xD;
</StdOut>
    </Output>
  </ResultSummary>
</TestRun>